---------------------------------------------------------------
[ 2019-10-08T14:35:10+08:00 ] 127.0.0.1 GET www.exam.com/admin/single/index.html
[运行时间：0.081640s] [吞吐率：12.25req/s] [内存消耗：2,459.41kb] [文件加载：55]
[ info ] [ LANG ] D:\phpStudy\PHPTutorial\WWW\exam1\thinkphp\lang\zh-cn.php
[ info ] [ ROUTE ] array (
  'type' => 'module',
  'module' => 
  array (
    0 => 'admin',
    1 => 'single',
    2 => 'index',
  ),
)
[ info ] [ HEADER ] array (
  'cookie' => 'pgv_pvi=6920314880; pgv_si=s2128145408; Hm_lvt_b393d153aeb26b46e9431fabaf0f6190=1569552275; Hm_lpvt_b393d153aeb26b46e9431fabaf0f6190=1570461148',
  'accept-language' => 'zh-CN,zh;q=0.9',
  'accept-encoding' => 'gzip, deflate',
  'referer' => 'http://www.exam.com/admin/index/index.html',
  'accept' => 'text/html,application/xhtml+xml,application/xml;q=0.9,image/webp,image/apng,*/*;q=0.8,application/signed-exchange;v=b3',
  'user-agent' => 'Mozilla/5.0 (Windows NT 10.0; WOW64) AppleWebKit/537.36 (KHTML, like Gecko) Chrome/76.0.3809.100 Safari/537.36',
  'upgrade-insecure-requests' => '1',
  'cache-control' => 'max-age=0',
  'connection' => 'close',
  'host' => 'www.exam.com',
)
[ info ] [ PARAM ] array (
  '/admin/single/index_html' => '',
)
[ info ] [ RUN ] app\admin\controller\Single->index[ D:\phpStudy\PHPTutorial\WWW\exam1\application\admin\controller\Single.php ]
[ info ] [ DB ] INIT mysql
[ info ] [ VIEW ] D:\phpStudy\PHPTutorial\WWW\exam1\public/../application/admin\view\single\index.html [ array (
  0 => 'data',
  1 => 'major',
  2 => 'subject',
) ]
[ info ] [ LOG ] INIT File
[ sql ] [ DB ] CONNECT:[ UseTime:0.010793s ] mysql:host=127.0.0.1;port=3306;dbname=exam1;charset=utf8
[ sql ] [ SQL ] SHOW COLUMNS FROM `em_single` [ RunTime:0.017432s ]
[ sql ] [ SQL ] SELECT COUNT(*) AS tp_count FROM `em_single` WHERE  (  status=1 ) LIMIT 1 [ RunTime:0.000524s ]
[ sql ] [ SQL ] SELECT `a`.*,`b`.`major_name`,`c`.`subject_name` FROM `em_single` `a` INNER JOIN `em_major` `b` ON `a`.`major_id`=`b`.`id` INNER JOIN `em_subject` `c` ON `a`.`subject_id`=`c`.`id` WHERE  (  a.status=1 ) LIMIT 0,20 [ RunTime:0.001245s ]
[ sql ] [ SQL ] SHOW COLUMNS FROM `em_major` [ RunTime:0.006480s ]
[ sql ] [ SQL ] SELECT * FROM `em_major` WHERE  `status` = 1 [ RunTime:0.000302s ]
[ sql ] [ SQL ] SHOW COLUMNS FROM `em_subject` [ RunTime:0.008424s ]
[ sql ] [ SQL ] SELECT * FROM `em_subject` WHERE  `status` = 1 [ RunTime:0.000384s ]
---------------------------------------------------------------
[ 2019-10-08T15:07:35+08:00 ] 127.0.0.1 GET www.exam.com/admin/students/index.html
[运行时间：0.135464s] [吞吐率：7.38req/s] [内存消耗：2,237.59kb] [文件加载：52]
[ info ] [ LANG ] D:\phpStudy\PHPTutorial\WWW\exam1\thinkphp\lang\zh-cn.php
[ info ] [ ROUTE ] array (
  'type' => 'module',
  'module' => 
  array (
    0 => 'admin',
    1 => 'students',
    2 => 'index',
  ),
)
[ info ] [ HEADER ] array (
  'cookie' => 'pgv_pvi=6920314880; pgv_si=s2128145408; Hm_lvt_b393d153aeb26b46e9431fabaf0f6190=1569552275; Hm_lpvt_b393d153aeb26b46e9431fabaf0f6190=1570461148',
  'accept-language' => 'zh-CN,zh;q=0.9',
  'accept-encoding' => 'gzip, deflate',
  'referer' => 'http://www.exam.com/admin/index/index.html',
  'accept' => 'text/html,application/xhtml+xml,application/xml;q=0.9,image/webp,image/apng,*/*;q=0.8,application/signed-exchange;v=b3',
  'user-agent' => 'Mozilla/5.0 (Windows NT 10.0; WOW64) AppleWebKit/537.36 (KHTML, like Gecko) Chrome/76.0.3809.100 Safari/537.36',
  'upgrade-insecure-requests' => '1',
  'connection' => 'close',
  'host' => 'www.exam.com',
)
[ info ] [ PARAM ] array (
  '/admin/students/index_html' => '',
)
[ info ] [ RUN ] app\admin\controller\Students->index[ D:\phpStudy\PHPTutorial\WWW\exam1\application\admin\controller\Students.php ]
[ info ] [ DB ] INIT mysql
[ info ] [ VIEW ] D:\phpStudy\PHPTutorial\WWW\exam1\public/../application/admin\view\students\index.html [ array (
  0 => 'data',
) ]
[ info ] [ LOG ] INIT File
[ sql ] [ DB ] CONNECT:[ UseTime:0.011980s ] mysql:host=127.0.0.1;port=3306;dbname=exam1;charset=utf8
[ sql ] [ SQL ] SHOW COLUMNS FROM `em_students` [ RunTime:0.008170s ]
[ sql ] [ SQL ] SELECT COUNT(*) AS tp_count FROM `em_students` WHERE  `status` = 1 LIMIT 1 [ RunTime:0.000496s ]
[ sql ] [ SQL ] SELECT * FROM `em_students` WHERE  `status` = 1 LIMIT 0,20 [ RunTime:0.000659s ]
---------------------------------------------------------------
[ 2019-10-08T15:07:37+08:00 ] 127.0.0.1 GET www.exam.com/admin/subject/index.html
[运行时间：0.104126s] [吞吐率：9.60req/s] [内存消耗：2,422.70kb] [文件加载：55]
[ info ] [ LANG ] D:\phpStudy\PHPTutorial\WWW\exam1\thinkphp\lang\zh-cn.php
[ info ] [ ROUTE ] array (
  'type' => 'module',
  'module' => 
  array (
    0 => 'admin',
    1 => 'subject',
    2 => 'index',
  ),
)
[ info ] [ HEADER ] array (
  'cookie' => 'pgv_pvi=6920314880; pgv_si=s2128145408; Hm_lvt_b393d153aeb26b46e9431fabaf0f6190=1569552275; Hm_lpvt_b393d153aeb26b46e9431fabaf0f6190=1570461148',
  'accept-language' => 'zh-CN,zh;q=0.9',
  'accept-encoding' => 'gzip, deflate',
  'referer' => 'http://www.exam.com/admin/index/index.html',
  'accept' => 'text/html,application/xhtml+xml,application/xml;q=0.9,image/webp,image/apng,*/*;q=0.8,application/signed-exchange;v=b3',
  'user-agent' => 'Mozilla/5.0 (Windows NT 10.0; WOW64) AppleWebKit/537.36 (KHTML, like Gecko) Chrome/76.0.3809.100 Safari/537.36',
  'upgrade-insecure-requests' => '1',
  'connection' => 'close',
  'host' => 'www.exam.com',
)
[ info ] [ PARAM ] array (
  '/admin/subject/index_html' => '',
)
[ info ] [ RUN ] app\admin\controller\Subject->index[ D:\phpStudy\PHPTutorial\WWW\exam1\application\admin\controller\Subject.php ]
[ info ] [ DB ] INIT mysql
[ info ] [ VIEW ] D:\phpStudy\PHPTutorial\WWW\exam1\public/../application/admin\view\subject\index.html [ array (
  0 => 'data',
) ]
[ info ] [ LOG ] INIT File
[ sql ] [ DB ] CONNECT:[ UseTime:0.009894s ] mysql:host=127.0.0.1;port=3306;dbname=exam1;charset=utf8
[ sql ] [ SQL ] SHOW COLUMNS FROM `em_subject` [ RunTime:0.008644s ]
[ sql ] [ SQL ] SELECT COUNT(*) AS tp_count FROM `em_subject` WHERE  `status` = 1 LIMIT 1 [ RunTime:0.000326s ]
[ sql ] [ SQL ] SELECT `a`.*,`b`.`major_name` FROM `em_subject` `a` INNER JOIN `em_major` `b` ON `a`.`major_id`=`b`.`id` WHERE  `a`.`status` = 1 LIMIT 0,20 [ RunTime:0.001534s ]
---------------------------------------------------------------
[ 2019-10-08T15:08:02+08:00 ] 127.0.0.1 GET www.exam.com/admin/subject/index.html
[运行时间：0.040383s] [吞吐率：24.76req/s] [内存消耗：2,422.90kb] [文件加载：55]
[ info ] [ LANG ] D:\phpStudy\PHPTutorial\WWW\exam1\thinkphp\lang\zh-cn.php
[ info ] [ ROUTE ] array (
  'type' => 'module',
  'module' => 
  array (
    0 => 'admin',
    1 => 'subject',
    2 => 'index',
  ),
)
[ info ] [ HEADER ] array (
  'cookie' => 'pgv_pvi=6920314880; pgv_si=s2128145408; Hm_lvt_b393d153aeb26b46e9431fabaf0f6190=1569552275; Hm_lpvt_b393d153aeb26b46e9431fabaf0f6190=1570461148',
  'accept-language' => 'zh-CN,zh;q=0.9',
  'accept-encoding' => 'gzip, deflate',
  'referer' => 'http://www.exam.com/admin/index/index.html',
  'accept' => 'text/html,application/xhtml+xml,application/xml;q=0.9,image/webp,image/apng,*/*;q=0.8,application/signed-exchange;v=b3',
  'user-agent' => 'Mozilla/5.0 (Windows NT 10.0; WOW64) AppleWebKit/537.36 (KHTML, like Gecko) Chrome/76.0.3809.100 Safari/537.36',
  'upgrade-insecure-requests' => '1',
  'cache-control' => 'max-age=0',
  'connection' => 'close',
  'host' => 'www.exam.com',
)
[ info ] [ PARAM ] array (
  '/admin/subject/index_html' => '',
)
[ info ] [ RUN ] app\admin\controller\Subject->index[ D:\phpStudy\PHPTutorial\WWW\exam1\application\admin\controller\Subject.php ]
[ info ] [ DB ] INIT mysql
[ info ] [ VIEW ] D:\phpStudy\PHPTutorial\WWW\exam1\public/../application/admin\view\subject\index.html [ array (
  0 => 'data',
) ]
[ info ] [ LOG ] INIT File
[ sql ] [ DB ] CONNECT:[ UseTime:0.000818s ] mysql:host=127.0.0.1;port=3306;dbname=exam1;charset=utf8
[ sql ] [ SQL ] SHOW COLUMNS FROM `em_subject` [ RunTime:0.012601s ]
[ sql ] [ SQL ] SELECT COUNT(*) AS tp_count FROM `em_subject` WHERE  `status` = 1 LIMIT 1 [ RunTime:0.000341s ]
[ sql ] [ SQL ] SELECT `a`.*,`b`.`major_name` FROM `em_subject` `a` INNER JOIN `em_major` `b` ON `a`.`major_id`=`b`.`id` WHERE  `a`.`status` = 1 LIMIT 0,20 [ RunTime:0.000359s ]
---------------------------------------------------------------
[ 2019-10-08T15:08:06+08:00 ] 127.0.0.1 GET www.exam.com/admin/index/admin-list.html
[运行时间：0.082375s] [吞吐率：12.14req/s] [内存消耗：1,352.41kb] [文件加载：42]
[ info ] [ LANG ] D:\phpStudy\PHPTutorial\WWW\exam1\thinkphp\lang\zh-cn.php
[ info ] [ ROUTE ] array (
  'type' => 'module',
  'module' => 
  array (
    0 => 'admin',
    1 => 'index',
    2 => 'admin-list',
  ),
)
[ info ] [ HEADER ] array (
  'cookie' => 'pgv_pvi=6920314880; pgv_si=s2128145408; Hm_lvt_b393d153aeb26b46e9431fabaf0f6190=1569552275; Hm_lpvt_b393d153aeb26b46e9431fabaf0f6190=1570461148',
  'accept-language' => 'zh-CN,zh;q=0.9',
  'accept-encoding' => 'gzip, deflate',
  'referer' => 'http://www.exam.com/admin/index/index.html',
  'accept' => 'text/html,application/xhtml+xml,application/xml;q=0.9,image/webp,image/apng,*/*;q=0.8,application/signed-exchange;v=b3',
  'user-agent' => 'Mozilla/5.0 (Windows NT 10.0; WOW64) AppleWebKit/537.36 (KHTML, like Gecko) Chrome/76.0.3809.100 Safari/537.36',
  'upgrade-insecure-requests' => '1',
  'connection' => 'close',
  'host' => 'www.exam.com',
)
[ info ] [ PARAM ] array (
  '/admin/index/admin-list_html' => '',
)
[ info ] [ LOG ] INIT File
---------------------------------------------------------------
[ 2019-10-08T15:08:11+08:00 ] 127.0.0.1 GET www.exam.com/admin/index/index.html
[运行时间：0.065330s] [吞吐率：15.31req/s] [内存消耗：1,579.84kb] [文件加载：43]
[ info ] [ LANG ] D:\phpStudy\PHPTutorial\WWW\exam1\thinkphp\lang\zh-cn.php
[ info ] [ ROUTE ] array (
  'type' => 'module',
  'module' => 
  array (
    0 => 'admin',
    1 => 'index',
    2 => 'index',
  ),
)
[ info ] [ HEADER ] array (
  'cookie' => 'pgv_pvi=6920314880; pgv_si=s2128145408; Hm_lvt_b393d153aeb26b46e9431fabaf0f6190=1569552275; Hm_lpvt_b393d153aeb26b46e9431fabaf0f6190=1570461148',
  'accept-language' => 'zh-CN,zh;q=0.9',
  'accept-encoding' => 'gzip, deflate',
  'accept' => 'text/html,application/xhtml+xml,application/xml;q=0.9,image/webp,image/apng,*/*;q=0.8,application/signed-exchange;v=b3',
  'user-agent' => 'Mozilla/5.0 (Windows NT 10.0; WOW64) AppleWebKit/537.36 (KHTML, like Gecko) Chrome/76.0.3809.100 Safari/537.36',
  'upgrade-insecure-requests' => '1',
  'cache-control' => 'max-age=0',
  'connection' => 'close',
  'host' => 'www.exam.com',
)
[ info ] [ PARAM ] array (
  '/admin/index/index_html' => '',
)
[ info ] [ RUN ] app\admin\controller\Index->index[ D:\phpStudy\PHPTutorial\WWW\exam1\application\admin\controller\Index.php ]
[ info ] [ VIEW ] D:\phpStudy\PHPTutorial\WWW\exam1\public/../application/admin\view\index\index.html [ array (
) ]
[ info ] [ LOG ] INIT File
---------------------------------------------------------------
[ 2019-10-08T15:08:11+08:00 ] 127.0.0.1 GET www.exam.com/admin/index/welcome.html
[运行时间：0.030235s] [吞吐率：33.07req/s] [内存消耗：1,331.12kb] [文件加载：40]
[ info ] [ LANG ] D:\phpStudy\PHPTutorial\WWW\exam1\thinkphp\lang\zh-cn.php
[ info ] [ ROUTE ] array (
  'type' => 'module',
  'module' => 
  array (
    0 => 'admin',
    1 => 'index',
    2 => 'welcome',
  ),
)
[ info ] [ HEADER ] array (
  'cookie' => 'pgv_pvi=6920314880; pgv_si=s2128145408; Hm_lvt_b393d153aeb26b46e9431fabaf0f6190=1569552275; Hm_lpvt_b393d153aeb26b46e9431fabaf0f6190=1570461148',
  'accept-language' => 'zh-CN,zh;q=0.9',
  'accept-encoding' => 'gzip, deflate',
  'referer' => 'http://www.exam.com/admin/index/index.html',
  'accept' => 'text/html,application/xhtml+xml,application/xml;q=0.9,image/webp,image/apng,*/*;q=0.8,application/signed-exchange;v=b3',
  'user-agent' => 'Mozilla/5.0 (Windows NT 10.0; WOW64) AppleWebKit/537.36 (KHTML, like Gecko) Chrome/76.0.3809.100 Safari/537.36',
  'upgrade-insecure-requests' => '1',
  'connection' => 'close',
  'host' => 'www.exam.com',
)
[ info ] [ PARAM ] array (
  '/admin/index/welcome_html' => '',
)
[ info ] [ RUN ] app\admin\controller\Index->welcome[ D:\phpStudy\PHPTutorial\WWW\exam1\application\admin\controller\Index.php ]
[ info ] [ VIEW ] D:\phpStudy\PHPTutorial\WWW\exam1\public/../application/admin\view\index\welcome.html [ array (
) ]
[ info ] [ LOG ] INIT File
---------------------------------------------------------------
[ 2019-10-08T15:08:11+08:00 ] 127.0.0.1 GET www.exam.com/admin/single/index.html
[运行时间：0.077001s] [吞吐率：12.99req/s] [内存消耗：2,459.21kb] [文件加载：55]
[ info ] [ LANG ] D:\phpStudy\PHPTutorial\WWW\exam1\thinkphp\lang\zh-cn.php
[ info ] [ ROUTE ] array (
  'type' => 'module',
  'module' => 
  array (
    0 => 'admin',
    1 => 'single',
    2 => 'index',
  ),
)
[ info ] [ HEADER ] array (
  'cookie' => 'pgv_pvi=6920314880; pgv_si=s2128145408; Hm_lvt_b393d153aeb26b46e9431fabaf0f6190=1569552275; Hm_lpvt_b393d153aeb26b46e9431fabaf0f6190=1570461148',
  'accept-language' => 'zh-CN,zh;q=0.9',
  'accept-encoding' => 'gzip, deflate',
  'referer' => 'http://www.exam.com/admin/index/index.html',
  'accept' => 'text/html,application/xhtml+xml,application/xml;q=0.9,image/webp,image/apng,*/*;q=0.8,application/signed-exchange;v=b3',
  'user-agent' => 'Mozilla/5.0 (Windows NT 10.0; WOW64) AppleWebKit/537.36 (KHTML, like Gecko) Chrome/76.0.3809.100 Safari/537.36',
  'upgrade-insecure-requests' => '1',
  'connection' => 'close',
  'host' => 'www.exam.com',
)
[ info ] [ PARAM ] array (
  '/admin/single/index_html' => '',
)
[ info ] [ RUN ] app\admin\controller\Single->index[ D:\phpStudy\PHPTutorial\WWW\exam1\application\admin\controller\Single.php ]
[ info ] [ DB ] INIT mysql
[ info ] [ VIEW ] D:\phpStudy\PHPTutorial\WWW\exam1\public/../application/admin\view\single\index.html [ array (
  0 => 'data',
  1 => 'major',
  2 => 'subject',
) ]
[ info ] [ LOG ] INIT File
[ sql ] [ DB ] CONNECT:[ UseTime:0.001285s ] mysql:host=127.0.0.1;port=3306;dbname=exam1;charset=utf8
[ sql ] [ SQL ] SHOW COLUMNS FROM `em_single` [ RunTime:0.008767s ]
[ sql ] [ SQL ] SELECT COUNT(*) AS tp_count FROM `em_single` WHERE  (  status=1 ) LIMIT 1 [ RunTime:0.000445s ]
[ sql ] [ SQL ] SELECT `a`.*,`b`.`major_name`,`c`.`subject_name` FROM `em_single` `a` INNER JOIN `em_major` `b` ON `a`.`major_id`=`b`.`id` INNER JOIN `em_subject` `c` ON `a`.`subject_id`=`c`.`id` WHERE  (  a.status=1 ) LIMIT 0,20 [ RunTime:0.000772s ]
[ sql ] [ SQL ] SHOW COLUMNS FROM `em_major` [ RunTime:0.010653s ]
[ sql ] [ SQL ] SELECT * FROM `em_major` WHERE  `status` = 1 [ RunTime:0.000259s ]
[ sql ] [ SQL ] SHOW COLUMNS FROM `em_subject` [ RunTime:0.010774s ]
[ sql ] [ SQL ] SELECT * FROM `em_subject` WHERE  `status` = 1 [ RunTime:0.000520s ]
---------------------------------------------------------------
[ 2019-10-08T15:08:11+08:00 ] 127.0.0.1 GET www.exam.com/admin/index/admin-list.html
[运行时间：0.024204s] [吞吐率：41.32req/s] [内存消耗：1,352.41kb] [文件加载：42]
[ info ] [ LANG ] D:\phpStudy\PHPTutorial\WWW\exam1\thinkphp\lang\zh-cn.php
[ info ] [ ROUTE ] array (
  'type' => 'module',
  'module' => 
  array (
    0 => 'admin',
    1 => 'index',
    2 => 'admin-list',
  ),
)
[ info ] [ HEADER ] array (
  'cookie' => 'pgv_pvi=6920314880; pgv_si=s2128145408; Hm_lvt_b393d153aeb26b46e9431fabaf0f6190=1569552275; Hm_lpvt_b393d153aeb26b46e9431fabaf0f6190=1570461148',
  'accept-language' => 'zh-CN,zh;q=0.9',
  'accept-encoding' => 'gzip, deflate',
  'referer' => 'http://www.exam.com/admin/index/index.html',
  'accept' => 'text/html,application/xhtml+xml,application/xml;q=0.9,image/webp,image/apng,*/*;q=0.8,application/signed-exchange;v=b3',
  'user-agent' => 'Mozilla/5.0 (Windows NT 10.0; WOW64) AppleWebKit/537.36 (KHTML, like Gecko) Chrome/76.0.3809.100 Safari/537.36',
  'upgrade-insecure-requests' => '1',
  'connection' => 'close',
  'host' => 'www.exam.com',
)
[ info ] [ PARAM ] array (
  '/admin/index/admin-list_html' => '',
)
[ info ] [ LOG ] INIT File
---------------------------------------------------------------
[ 2019-10-08T15:08:11+08:00 ] 127.0.0.1 GET www.exam.com/admin/admin/index.html
[运行时间：0.022222s] [吞吐率：45.00req/s] [内存消耗：1,530.84kb] [文件加载：42]
[ info ] [ LANG ] D:\phpStudy\PHPTutorial\WWW\exam1\thinkphp\lang\zh-cn.php
[ info ] [ ROUTE ] array (
  'type' => 'module',
  'module' => 
  array (
    0 => 'admin',
    1 => 'admin',
    2 => 'index',
  ),
)
[ info ] [ HEADER ] array (
  'cookie' => 'pgv_pvi=6920314880; pgv_si=s2128145408; Hm_lvt_b393d153aeb26b46e9431fabaf0f6190=1569552275; Hm_lpvt_b393d153aeb26b46e9431fabaf0f6190=1570461148',
  'accept-language' => 'zh-CN,zh;q=0.9',
  'accept-encoding' => 'gzip, deflate',
  'referer' => 'http://www.exam.com/admin/index/index.html',
  'accept' => 'text/html,application/xhtml+xml,application/xml;q=0.9,image/webp,image/apng,*/*;q=0.8,application/signed-exchange;v=b3',
  'user-agent' => 'Mozilla/5.0 (Windows NT 10.0; WOW64) AppleWebKit/537.36 (KHTML, like Gecko) Chrome/76.0.3809.100 Safari/537.36',
  'upgrade-insecure-requests' => '1',
  'connection' => 'close',
  'host' => 'www.exam.com',
)
[ info ] [ PARAM ] array (
  '/admin/admin/index_html' => '',
)
[ info ] [ RUN ] app\admin\controller\Admin->index[ D:\phpStudy\PHPTutorial\WWW\exam1\application\admin\controller\Admin.php ]
[ info ] [ VIEW ] D:\phpStudy\PHPTutorial\WWW\exam1\public/../application/admin\view\admin\index.html [ array (
) ]
[ info ] [ LOG ] INIT File
---------------------------------------------------------------
[ 2019-10-08T15:08:12+08:00 ] 127.0.0.1 GET www.exam.com/admin/major/index.html
[运行时间：0.090795s] [吞吐率：11.01req/s] [内存消耗：2,203.13kb] [文件加载：52]
[ info ] [ LANG ] D:\phpStudy\PHPTutorial\WWW\exam1\thinkphp\lang\zh-cn.php
[ info ] [ ROUTE ] array (
  'type' => 'module',
  'module' => 
  array (
    0 => 'admin',
    1 => 'major',
    2 => 'index',
  ),
)
[ info ] [ HEADER ] array (
  'cookie' => 'pgv_pvi=6920314880; pgv_si=s2128145408; Hm_lvt_b393d153aeb26b46e9431fabaf0f6190=1569552275; Hm_lpvt_b393d153aeb26b46e9431fabaf0f6190=1570461148',
  'accept-language' => 'zh-CN,zh;q=0.9',
  'accept-encoding' => 'gzip, deflate',
  'referer' => 'http://www.exam.com/admin/index/index.html',
  'accept' => 'text/html,application/xhtml+xml,application/xml;q=0.9,image/webp,image/apng,*/*;q=0.8,application/signed-exchange;v=b3',
  'user-agent' => 'Mozilla/5.0 (Windows NT 10.0; WOW64) AppleWebKit/537.36 (KHTML, like Gecko) Chrome/76.0.3809.100 Safari/537.36',
  'upgrade-insecure-requests' => '1',
  'connection' => 'close',
  'host' => 'www.exam.com',
)
[ info ] [ PARAM ] array (
  '/admin/major/index_html' => '',
)
[ info ] [ RUN ] app\admin\controller\Major->index[ D:\phpStudy\PHPTutorial\WWW\exam1\application\admin\controller\Major.php ]
[ info ] [ DB ] INIT mysql
[ info ] [ VIEW ] D:\phpStudy\PHPTutorial\WWW\exam1\public/../application/admin\view\major\index.html [ array (
  0 => 'data',
) ]
[ info ] [ LOG ] INIT File
[ sql ] [ DB ] CONNECT:[ UseTime:0.001039s ] mysql:host=127.0.0.1;port=3306;dbname=exam1;charset=utf8
[ sql ] [ SQL ] SHOW COLUMNS FROM `em_major` [ RunTime:0.009052s ]
[ sql ] [ SQL ] SELECT COUNT(*) AS tp_count FROM `em_major` WHERE  `status` = 1 LIMIT 1 [ RunTime:0.000365s ]
[ sql ] [ SQL ] SELECT * FROM `em_major` WHERE  `status` = 1 LIMIT 0,20 [ RunTime:0.000418s ]
---------------------------------------------------------------
[ 2019-10-08T15:08:12+08:00 ] 127.0.0.1 GET www.exam.com/admin/single/trash.html
[运行时间：0.056778s] [吞吐率：17.61req/s] [内存消耗：2,452.52kb] [文件加载：55]
[ info ] [ LANG ] D:\phpStudy\PHPTutorial\WWW\exam1\thinkphp\lang\zh-cn.php
[ info ] [ ROUTE ] array (
  'type' => 'module',
  'module' => 
  array (
    0 => 'admin',
    1 => 'single',
    2 => 'trash',
  ),
)
[ info ] [ HEADER ] array (
  'cookie' => 'pgv_pvi=6920314880; pgv_si=s2128145408; Hm_lvt_b393d153aeb26b46e9431fabaf0f6190=1569552275; Hm_lpvt_b393d153aeb26b46e9431fabaf0f6190=1570461148',
  'accept-language' => 'zh-CN,zh;q=0.9',
  'accept-encoding' => 'gzip, deflate',
  'referer' => 'http://www.exam.com/admin/index/index.html',
  'accept' => 'text/html,application/xhtml+xml,application/xml;q=0.9,image/webp,image/apng,*/*;q=0.8,application/signed-exchange;v=b3',
  'user-agent' => 'Mozilla/5.0 (Windows NT 10.0; WOW64) AppleWebKit/537.36 (KHTML, like Gecko) Chrome/76.0.3809.100 Safari/537.36',
  'upgrade-insecure-requests' => '1',
  'connection' => 'close',
  'host' => 'www.exam.com',
)
[ info ] [ PARAM ] array (
  '/admin/single/trash_html' => '',
)
[ info ] [ RUN ] app\admin\controller\Single->trash[ D:\phpStudy\PHPTutorial\WWW\exam1\application\admin\controller\Single.php ]
[ info ] [ DB ] INIT mysql
[ info ] [ VIEW ] D:\phpStudy\PHPTutorial\WWW\exam1\public/../application/admin\view\single\trash.html [ array (
  0 => 'data',
) ]
[ info ] [ LOG ] INIT File
[ sql ] [ DB ] CONNECT:[ UseTime:0.001561s ] mysql:host=127.0.0.1;port=3306;dbname=exam1;charset=utf8
[ sql ] [ SQL ] SHOW COLUMNS FROM `em_single` [ RunTime:0.009523s ]
[ sql ] [ SQL ] SELECT COUNT(*) AS tp_count FROM `em_single` WHERE  (  status=0 ) LIMIT 1 [ RunTime:0.000361s ]
[ sql ] [ SQL ] SELECT `a`.*,`b`.`major_name`,`c`.`subject_name` FROM `em_single` `a` INNER JOIN `em_major` `b` ON `a`.`major_id`=`b`.`id` INNER JOIN `em_subject` `c` ON `a`.`subject_id`=`c`.`id` WHERE  (  a.status=0 ) LIMIT 0,20 [ RunTime:0.000605s ]
---------------------------------------------------------------
[ 2019-10-08T15:08:12+08:00 ] 127.0.0.1 GET www.exam.com/admin/students/index.html
[运行时间：0.058406s] [吞吐率：17.12req/s] [内存消耗：2,237.59kb] [文件加载：52]
[ info ] [ LANG ] D:\phpStudy\PHPTutorial\WWW\exam1\thinkphp\lang\zh-cn.php
[ info ] [ ROUTE ] array (
  'type' => 'module',
  'module' => 
  array (
    0 => 'admin',
    1 => 'students',
    2 => 'index',
  ),
)
[ info ] [ HEADER ] array (
  'cookie' => 'pgv_pvi=6920314880; pgv_si=s2128145408; Hm_lvt_b393d153aeb26b46e9431fabaf0f6190=1569552275; Hm_lpvt_b393d153aeb26b46e9431fabaf0f6190=1570461148',
  'accept-language' => 'zh-CN,zh;q=0.9',
  'accept-encoding' => 'gzip, deflate',
  'referer' => 'http://www.exam.com/admin/index/index.html',
  'accept' => 'text/html,application/xhtml+xml,application/xml;q=0.9,image/webp,image/apng,*/*;q=0.8,application/signed-exchange;v=b3',
  'user-agent' => 'Mozilla/5.0 (Windows NT 10.0; WOW64) AppleWebKit/537.36 (KHTML, like Gecko) Chrome/76.0.3809.100 Safari/537.36',
  'upgrade-insecure-requests' => '1',
  'connection' => 'close',
  'host' => 'www.exam.com',
)
[ info ] [ PARAM ] array (
  '/admin/students/index_html' => '',
)
[ info ] [ RUN ] app\admin\controller\Students->index[ D:\phpStudy\PHPTutorial\WWW\exam1\application\admin\controller\Students.php ]
[ info ] [ DB ] INIT mysql
[ info ] [ VIEW ] D:\phpStudy\PHPTutorial\WWW\exam1\public/../application/admin\view\students\index.html [ array (
  0 => 'data',
) ]
[ info ] [ LOG ] INIT File
[ sql ] [ DB ] CONNECT:[ UseTime:0.002375s ] mysql:host=127.0.0.1;port=3306;dbname=exam1;charset=utf8
[ sql ] [ SQL ] SHOW COLUMNS FROM `em_students` [ RunTime:0.012854s ]
[ sql ] [ SQL ] SELECT COUNT(*) AS tp_count FROM `em_students` WHERE  `status` = 1 LIMIT 1 [ RunTime:0.000419s ]
[ sql ] [ SQL ] SELECT * FROM `em_students` WHERE  `status` = 1 LIMIT 0,20 [ RunTime:0.000573s ]
---------------------------------------------------------------
[ 2019-10-08T15:08:12+08:00 ] 127.0.0.1 GET www.exam.com/admin/selection/index.html
[运行时间：0.103873s] [吞吐率：9.63req/s] [内存消耗：2,435.38kb] [文件加载：55]
[ info ] [ LANG ] D:\phpStudy\PHPTutorial\WWW\exam1\thinkphp\lang\zh-cn.php
[ info ] [ ROUTE ] array (
  'type' => 'module',
  'module' => 
  array (
    0 => 'admin',
    1 => 'selection',
    2 => 'index',
  ),
)
[ info ] [ HEADER ] array (
  'cookie' => 'pgv_pvi=6920314880; pgv_si=s2128145408; Hm_lvt_b393d153aeb26b46e9431fabaf0f6190=1569552275; Hm_lpvt_b393d153aeb26b46e9431fabaf0f6190=1570461148',
  'accept-language' => 'zh-CN,zh;q=0.9',
  'accept-encoding' => 'gzip, deflate',
  'referer' => 'http://www.exam.com/admin/index/index.html',
  'accept' => 'text/html,application/xhtml+xml,application/xml;q=0.9,image/webp,image/apng,*/*;q=0.8,application/signed-exchange;v=b3',
  'user-agent' => 'Mozilla/5.0 (Windows NT 10.0; WOW64) AppleWebKit/537.36 (KHTML, like Gecko) Chrome/76.0.3809.100 Safari/537.36',
  'upgrade-insecure-requests' => '1',
  'connection' => 'close',
  'host' => 'www.exam.com',
)
[ info ] [ PARAM ] array (
  '/admin/selection/index_html' => '',
)
[ info ] [ RUN ] app\admin\controller\Selection->index[ D:\phpStudy\PHPTutorial\WWW\exam1\application\admin\controller\Selection.php ]
[ info ] [ DB ] INIT mysql
[ info ] [ VIEW ] D:\phpStudy\PHPTutorial\WWW\exam1\public/../application/admin\view\selection\index.html [ array (
  0 => 'data',
) ]
[ info ] [ LOG ] INIT File
[ sql ] [ DB ] CONNECT:[ UseTime:0.012573s ] mysql:host=127.0.0.1;port=3306;dbname=exam1;charset=utf8
[ sql ] [ SQL ] SHOW COLUMNS FROM `em_selection` [ RunTime:0.014725s ]
[ sql ] [ SQL ] SELECT COUNT(*) AS tp_count FROM `em_selection` WHERE  `status` = 1 LIMIT 1 [ RunTime:0.000379s ]
[ sql ] [ SQL ] SELECT `a`.*,`b`.`major_name`,`c`.`subject_name` FROM `em_selection` `a` INNER JOIN `em_major` `b` ON `a`.`major_id`=`b`.`id` INNER JOIN `em_subject` `c` ON `a`.`subject_id`=`c`.`id` WHERE  `a`.`status` = 1 LIMIT 0,20 [ RunTime:0.000626s ]
---------------------------------------------------------------
[ 2019-10-08T15:08:12+08:00 ] 127.0.0.1 GET www.exam.com/admin/subject/index.html
[运行时间：0.061357s] [吞吐率：16.30req/s] [内存消耗：2,422.70kb] [文件加载：55]
[ info ] [ LANG ] D:\phpStudy\PHPTutorial\WWW\exam1\thinkphp\lang\zh-cn.php
[ info ] [ ROUTE ] array (
  'type' => 'module',
  'module' => 
  array (
    0 => 'admin',
    1 => 'subject',
    2 => 'index',
  ),
)
[ info ] [ HEADER ] array (
  'cookie' => 'pgv_pvi=6920314880; pgv_si=s2128145408; Hm_lvt_b393d153aeb26b46e9431fabaf0f6190=1569552275; Hm_lpvt_b393d153aeb26b46e9431fabaf0f6190=1570461148',
  'accept-language' => 'zh-CN,zh;q=0.9',
  'accept-encoding' => 'gzip, deflate',
  'referer' => 'http://www.exam.com/admin/index/index.html',
  'accept' => 'text/html,application/xhtml+xml,application/xml;q=0.9,image/webp,image/apng,*/*;q=0.8,application/signed-exchange;v=b3',
  'user-agent' => 'Mozilla/5.0 (Windows NT 10.0; WOW64) AppleWebKit/537.36 (KHTML, like Gecko) Chrome/76.0.3809.100 Safari/537.36',
  'upgrade-insecure-requests' => '1',
  'connection' => 'close',
  'host' => 'www.exam.com',
)
[ info ] [ PARAM ] array (
  '/admin/subject/index_html' => '',
)
[ info ] [ RUN ] app\admin\controller\Subject->index[ D:\phpStudy\PHPTutorial\WWW\exam1\application\admin\controller\Subject.php ]
[ info ] [ DB ] INIT mysql
[ info ] [ VIEW ] D:\phpStudy\PHPTutorial\WWW\exam1\public/../application/admin\view\subject\index.html [ array (
  0 => 'data',
) ]
[ info ] [ LOG ] INIT File
[ sql ] [ DB ] CONNECT:[ UseTime:0.001821s ] mysql:host=127.0.0.1;port=3306;dbname=exam1;charset=utf8
[ sql ] [ SQL ] SHOW COLUMNS FROM `em_subject` [ RunTime:0.009513s ]
[ sql ] [ SQL ] SELECT COUNT(*) AS tp_count FROM `em_subject` WHERE  `status` = 1 LIMIT 1 [ RunTime:0.000528s ]
[ sql ] [ SQL ] SELECT `a`.*,`b`.`major_name` FROM `em_subject` `a` INNER JOIN `em_major` `b` ON `a`.`major_id`=`b`.`id` WHERE  `a`.`status` = 1 LIMIT 0,20 [ RunTime:0.000444s ]
---------------------------------------------------------------
[ 2019-10-08T15:08:13+08:00 ] 127.0.0.1 GET www.exam.com/admin/index/admin-role.html
[运行时间：0.020360s] [吞吐率：49.12req/s] [内存消耗：1,352.41kb] [文件加载：42]
[ info ] [ LANG ] D:\phpStudy\PHPTutorial\WWW\exam1\thinkphp\lang\zh-cn.php
[ info ] [ ROUTE ] array (
  'type' => 'module',
  'module' => 
  array (
    0 => 'admin',
    1 => 'index',
    2 => 'admin-role',
  ),
)
[ info ] [ HEADER ] array (
  'cookie' => 'pgv_pvi=6920314880; pgv_si=s2128145408; Hm_lvt_b393d153aeb26b46e9431fabaf0f6190=1569552275; Hm_lpvt_b393d153aeb26b46e9431fabaf0f6190=1570461148',
  'accept-language' => 'zh-CN,zh;q=0.9',
  'accept-encoding' => 'gzip, deflate',
  'referer' => 'http://www.exam.com/admin/index/index.html',
  'accept' => 'text/html,application/xhtml+xml,application/xml;q=0.9,image/webp,image/apng,*/*;q=0.8,application/signed-exchange;v=b3',
  'user-agent' => 'Mozilla/5.0 (Windows NT 10.0; WOW64) AppleWebKit/537.36 (KHTML, like Gecko) Chrome/76.0.3809.100 Safari/537.36',
  'upgrade-insecure-requests' => '1',
  'connection' => 'close',
  'host' => 'www.exam.com',
)
[ info ] [ PARAM ] array (
  '/admin/index/admin-role_html' => '',
)
[ info ] [ LOG ] INIT File
---------------------------------------------------------------
[ 2019-10-08T15:09:08+08:00 ] 127.0.0.1 GET www.exam.com/admin/admin/index.html
[运行时间：0.017385s] [吞吐率：57.52req/s] [内存消耗：1,519.30kb] [文件加载：42]
[ info ] [ LANG ] D:\phpStudy\PHPTutorial\WWW\exam1\thinkphp\lang\zh-cn.php
[ info ] [ ROUTE ] array (
  'type' => 'module',
  'module' => 
  array (
    0 => 'admin',
    1 => 'admin',
    2 => 'index',
  ),
)
[ info ] [ HEADER ] array (
  'cookie' => 'pgv_pvi=6920314880; pgv_si=s2128145408; Hm_lvt_b393d153aeb26b46e9431fabaf0f6190=1569552275; Hm_lpvt_b393d153aeb26b46e9431fabaf0f6190=1570461148',
  'accept-language' => 'zh-CN,zh;q=0.9',
  'accept-encoding' => 'gzip, deflate',
  'referer' => 'http://www.exam.com/admin/index/index.html',
  'accept' => 'text/html,application/xhtml+xml,application/xml;q=0.9,image/webp,image/apng,*/*;q=0.8,application/signed-exchange;v=b3',
  'user-agent' => 'Mozilla/5.0 (Windows NT 10.0; WOW64) AppleWebKit/537.36 (KHTML, like Gecko) Chrome/76.0.3809.100 Safari/537.36',
  'upgrade-insecure-requests' => '1',
  'cache-control' => 'max-age=0',
  'connection' => 'close',
  'host' => 'www.exam.com',
)
[ info ] [ PARAM ] array (
  '/admin/admin/index_html' => '',
)
[ info ] [ RUN ] app\admin\controller\Admin->index[ D:\phpStudy\PHPTutorial\WWW\exam1\application\admin\controller\Admin.php ]
[ info ] [ VIEW ] D:\phpStudy\PHPTutorial\WWW\exam1\public/../application/admin\view\admin\index.html [ array (
) ]
[ info ] [ LOG ] INIT File
---------------------------------------------------------------
[ 2019-10-08T15:13:28+08:00 ] 127.0.0.1 GET www.exam.com/admin/admin/index.html
[运行时间：0.022507s] [吞吐率：44.43req/s] [内存消耗：1,531.30kb] [文件加载：42]
[ info ] [ LANG ] D:\phpStudy\PHPTutorial\WWW\exam1\thinkphp\lang\zh-cn.php
[ info ] [ ROUTE ] array (
  'type' => 'module',
  'module' => 
  array (
    0 => 'admin',
    1 => 'admin',
    2 => 'index',
  ),
)
[ info ] [ HEADER ] array (
  'cookie' => 'pgv_pvi=6920314880; pgv_si=s2128145408; Hm_lvt_b393d153aeb26b46e9431fabaf0f6190=1569552275; Hm_lpvt_b393d153aeb26b46e9431fabaf0f6190=1570461148',
  'accept-language' => 'zh-CN,zh;q=0.9',
  'accept-encoding' => 'gzip, deflate',
  'referer' => 'http://www.exam.com/admin/index/index.html',
  'accept' => 'text/html,application/xhtml+xml,application/xml;q=0.9,image/webp,image/apng,*/*;q=0.8,application/signed-exchange;v=b3',
  'user-agent' => 'Mozilla/5.0 (Windows NT 10.0; WOW64) AppleWebKit/537.36 (KHTML, like Gecko) Chrome/76.0.3809.100 Safari/537.36',
  'upgrade-insecure-requests' => '1',
  'cache-control' => 'max-age=0',
  'connection' => 'close',
  'host' => 'www.exam.com',
)
[ info ] [ PARAM ] array (
  '/admin/admin/index_html' => '',
)
[ info ] [ RUN ] app\admin\controller\Admin->index[ D:\phpStudy\PHPTutorial\WWW\exam1\application\admin\controller\Admin.php ]
[ info ] [ VIEW ] D:\phpStudy\PHPTutorial\WWW\exam1\public/../application/admin\view\admin\index.html [ array (
) ]
[ info ] [ LOG ] INIT File
---------------------------------------------------------------
[ 2019-10-08T15:16:56+08:00 ] 127.0.0.1 GET www.exam.com/admin/admin/index.html
[运行时间：0.022689s] [吞吐率：44.07req/s] [内存消耗：1,531.30kb] [文件加载：42]
[ info ] [ LANG ] D:\phpStudy\PHPTutorial\WWW\exam1\thinkphp\lang\zh-cn.php
[ info ] [ ROUTE ] array (
  'type' => 'module',
  'module' => 
  array (
    0 => 'admin',
    1 => 'admin',
    2 => 'index',
  ),
)
[ info ] [ HEADER ] array (
  'cookie' => 'pgv_pvi=6920314880; pgv_si=s2128145408; Hm_lvt_b393d153aeb26b46e9431fabaf0f6190=1569552275; Hm_lpvt_b393d153aeb26b46e9431fabaf0f6190=1570518809',
  'accept-language' => 'zh-CN,zh;q=0.9',
  'accept-encoding' => 'gzip, deflate',
  'referer' => 'http://www.exam.com/admin/index/index.html',
  'accept' => 'text/html,application/xhtml+xml,application/xml;q=0.9,image/webp,image/apng,*/*;q=0.8,application/signed-exchange;v=b3',
  'user-agent' => 'Mozilla/5.0 (Windows NT 10.0; WOW64) AppleWebKit/537.36 (KHTML, like Gecko) Chrome/76.0.3809.100 Safari/537.36',
  'upgrade-insecure-requests' => '1',
  'cache-control' => 'max-age=0',
  'connection' => 'close',
  'host' => 'www.exam.com',
)
[ info ] [ PARAM ] array (
  '/admin/admin/index_html' => '',
)
[ info ] [ RUN ] app\admin\controller\Admin->index[ D:\phpStudy\PHPTutorial\WWW\exam1\application\admin\controller\Admin.php ]
[ info ] [ VIEW ] D:\phpStudy\PHPTutorial\WWW\exam1\public/../application/admin\view\admin\index.html [ array (
) ]
[ info ] [ LOG ] INIT File
---------------------------------------------------------------
[ 2019-10-08T15:18:03+08:00 ] 127.0.0.1 GET www.exam.com/admin/admin/admin-add.html
[运行时间：0.029931s] [吞吐率：33.41req/s] [内存消耗：1,351.97kb] [文件加载：42]
[ info ] [ LANG ] D:\phpStudy\PHPTutorial\WWW\exam1\thinkphp\lang\zh-cn.php
[ info ] [ ROUTE ] array (
  'type' => 'module',
  'module' => 
  array (
    0 => 'admin',
    1 => 'admin',
    2 => 'admin-add',
  ),
)
[ info ] [ HEADER ] array (
  'cookie' => 'pgv_pvi=6920314880; pgv_si=s2128145408; Hm_lvt_b393d153aeb26b46e9431fabaf0f6190=1569552275; Hm_lpvt_b393d153aeb26b46e9431fabaf0f6190=1570519017',
  'accept-language' => 'zh-CN,zh;q=0.9',
  'accept-encoding' => 'gzip, deflate',
  'referer' => 'http://www.exam.com/admin/admin/index.html',
  'accept' => 'text/html,application/xhtml+xml,application/xml;q=0.9,image/webp,image/apng,*/*;q=0.8,application/signed-exchange;v=b3',
  'user-agent' => 'Mozilla/5.0 (Windows NT 10.0; WOW64) AppleWebKit/537.36 (KHTML, like Gecko) Chrome/76.0.3809.100 Safari/537.36',
  'upgrade-insecure-requests' => '1',
  'connection' => 'close',
  'host' => 'www.exam.com',
)
[ info ] [ PARAM ] array (
  '/admin/admin/admin-add_html' => '',
)
[ info ] [ LOG ] INIT File
---------------------------------------------------------------
[ 2019-10-08T15:19:41+08:00 ] 127.0.0.1 GET www.exam.com/admin/admin/index.html
[运行时间：0.023766s] [吞吐率：42.08req/s] [内存消耗：1,577.33kb] [文件加载：43]
[ info ] [ LANG ] D:\phpStudy\PHPTutorial\WWW\exam1\thinkphp\lang\zh-cn.php
[ info ] [ ROUTE ] array (
  'type' => 'module',
  'module' => 
  array (
    0 => 'admin',
    1 => 'admin',
    2 => 'index',
  ),
)
[ info ] [ HEADER ] array (
  'cookie' => 'pgv_pvi=6920314880; pgv_si=s2128145408; Hm_lvt_b393d153aeb26b46e9431fabaf0f6190=1569552275; Hm_lpvt_b393d153aeb26b46e9431fabaf0f6190=1570519017',
  'accept-language' => 'zh-CN,zh;q=0.9',
  'accept-encoding' => 'gzip, deflate',
  'referer' => 'http://www.exam.com/admin/index/index.html',
  'accept' => 'text/html,application/xhtml+xml,application/xml;q=0.9,image/webp,image/apng,*/*;q=0.8,application/signed-exchange;v=b3',
  'user-agent' => 'Mozilla/5.0 (Windows NT 10.0; WOW64) AppleWebKit/537.36 (KHTML, like Gecko) Chrome/76.0.3809.100 Safari/537.36',
  'upgrade-insecure-requests' => '1',
  'cache-control' => 'max-age=0',
  'connection' => 'close',
  'host' => 'www.exam.com',
)
[ info ] [ PARAM ] array (
  '/admin/admin/index_html' => '',
)
[ info ] [ RUN ] app\admin\controller\Admin->index[ D:\phpStudy\PHPTutorial\WWW\exam1\application\admin\controller\Admin.php ]
[ info ] [ VIEW ] D:\phpStudy\PHPTutorial\WWW\exam1\public/../application/admin\view\admin\index.html [ array (
) ]
[ info ] [ LOG ] INIT File
---------------------------------------------------------------
[ 2019-10-08T15:19:43+08:00 ] 127.0.0.1 GET www.exam.com/admin/admin/add.html
[运行时间：0.025746s] [吞吐率：38.84req/s] [内存消耗：1,508.68kb] [文件加载：42]
[ info ] [ LANG ] D:\phpStudy\PHPTutorial\WWW\exam1\thinkphp\lang\zh-cn.php
[ info ] [ ROUTE ] array (
  'type' => 'module',
  'module' => 
  array (
    0 => 'admin',
    1 => 'admin',
    2 => 'add',
  ),
)
[ info ] [ HEADER ] array (
  'cookie' => 'pgv_pvi=6920314880; pgv_si=s2128145408; Hm_lvt_b393d153aeb26b46e9431fabaf0f6190=1569552275; Hm_lpvt_b393d153aeb26b46e9431fabaf0f6190=1570519017',
  'accept-language' => 'zh-CN,zh;q=0.9',
  'accept-encoding' => 'gzip, deflate',
  'referer' => 'http://www.exam.com/admin/admin/index.html',
  'accept' => 'text/html,application/xhtml+xml,application/xml;q=0.9,image/webp,image/apng,*/*;q=0.8,application/signed-exchange;v=b3',
  'user-agent' => 'Mozilla/5.0 (Windows NT 10.0; WOW64) AppleWebKit/537.36 (KHTML, like Gecko) Chrome/76.0.3809.100 Safari/537.36',
  'upgrade-insecure-requests' => '1',
  'connection' => 'close',
  'host' => 'www.exam.com',
)
[ info ] [ PARAM ] array (
  '/admin/admin/add_html' => '',
)
[ info ] [ RUN ] app\admin\controller\Admin->add[ D:\phpStudy\PHPTutorial\WWW\exam1\application\admin\controller\Admin.php ]
[ info ] [ VIEW ] D:\phpStudy\PHPTutorial\WWW\exam1\public/../application/admin\view\admin\add.html [ array (
) ]
[ info ] [ LOG ] INIT File
---------------------------------------------------------------
[ 2019-10-08T15:19:43+08:00 ] 127.0.0.1 GET www.exam.com/admin/admin/css/font.css
[运行时间：0.022628s] [吞吐率：44.19req/s] [内存消耗：1,350.92kb] [文件加载：42]
[ info ] [ LANG ] D:\phpStudy\PHPTutorial\WWW\exam1\thinkphp\lang\zh-cn.php
[ info ] [ ROUTE ] array (
  'type' => 'module',
  'module' => 
  array (
    0 => 'admin',
    1 => 'admin',
    2 => 'css',
  ),
)
[ info ] [ HEADER ] array (
  'cookie' => 'pgv_pvi=6920314880; pgv_si=s2128145408; Hm_lvt_b393d153aeb26b46e9431fabaf0f6190=1569552275; Hm_lpvt_b393d153aeb26b46e9431fabaf0f6190=1570519017',
  'accept-language' => 'zh-CN,zh;q=0.9',
  'accept-encoding' => 'gzip, deflate',
  'referer' => 'http://www.exam.com/admin/admin/add.html',
  'accept' => 'text/css,*/*;q=0.1',
  'user-agent' => 'Mozilla/5.0 (Windows NT 10.0; WOW64) AppleWebKit/537.36 (KHTML, like Gecko) Chrome/76.0.3809.100 Safari/537.36',
  'connection' => 'close',
  'host' => 'www.exam.com',
)
[ info ] [ PARAM ] array (
  '/admin/admin/css/font_css' => '',
)
[ info ] [ LOG ] INIT File
---------------------------------------------------------------
[ 2019-10-08T15:19:44+08:00 ] 127.0.0.1 GET www.exam.com/admin/admin/lib/layui/layui.js
[运行时间：0.021263s] [吞吐率：47.03req/s] [内存消耗：1,351.21kb] [文件加载：42]
[ info ] [ LANG ] D:\phpStudy\PHPTutorial\WWW\exam1\thinkphp\lang\zh-cn.php
[ info ] [ ROUTE ] array (
  'type' => 'module',
  'module' => 
  array (
    0 => 'admin',
    1 => 'admin',
    2 => 'lib',
  ),
)
[ info ] [ HEADER ] array (
  'cookie' => 'pgv_pvi=6920314880; pgv_si=s2128145408; Hm_lvt_b393d153aeb26b46e9431fabaf0f6190=1569552275; Hm_lpvt_b393d153aeb26b46e9431fabaf0f6190=1570519017',
  'accept-language' => 'zh-CN,zh;q=0.9',
  'accept-encoding' => 'gzip, deflate',
  'referer' => 'http://www.exam.com/admin/admin/add.html',
  'accept' => '*/*',
  'user-agent' => 'Mozilla/5.0 (Windows NT 10.0; WOW64) AppleWebKit/537.36 (KHTML, like Gecko) Chrome/76.0.3809.100 Safari/537.36',
  'connection' => 'close',
  'host' => 'www.exam.com',
)
[ info ] [ PARAM ] array (
  '/admin/admin/lib/layui/layui_js' => '',
  'layui' => 'layui.js',
)
[ info ] [ LOG ] INIT File
---------------------------------------------------------------
[ 2019-10-08T15:19:44+08:00 ] 127.0.0.1 GET www.exam.com/admin/admin/css/xadmin.css
[运行时间：0.025155s] [吞吐率：39.75req/s] [内存消耗：1,350.92kb] [文件加载：42]
[ info ] [ LANG ] D:\phpStudy\PHPTutorial\WWW\exam1\thinkphp\lang\zh-cn.php
[ info ] [ ROUTE ] array (
  'type' => 'module',
  'module' => 
  array (
    0 => 'admin',
    1 => 'admin',
    2 => 'css',
  ),
)
[ info ] [ HEADER ] array (
  'cookie' => 'pgv_pvi=6920314880; pgv_si=s2128145408; Hm_lvt_b393d153aeb26b46e9431fabaf0f6190=1569552275; Hm_lpvt_b393d153aeb26b46e9431fabaf0f6190=1570519017',
  'accept-language' => 'zh-CN,zh;q=0.9',
  'accept-encoding' => 'gzip, deflate',
  'referer' => 'http://www.exam.com/admin/admin/add.html',
  'accept' => 'text/css,*/*;q=0.1',
  'user-agent' => 'Mozilla/5.0 (Windows NT 10.0; WOW64) AppleWebKit/537.36 (KHTML, like Gecko) Chrome/76.0.3809.100 Safari/537.36',
  'connection' => 'close',
  'host' => 'www.exam.com',
)
[ info ] [ PARAM ] array (
  '/admin/admin/css/xadmin_css' => '',
)
[ info ] [ LOG ] INIT File
---------------------------------------------------------------
[ 2019-10-08T15:19:44+08:00 ] 127.0.0.1 GET www.exam.com/admin/admin/js/xadmin.js
[运行时间：0.024775s] [吞吐率：40.36req/s] [内存消耗：1,350.88kb] [文件加载：42]
[ info ] [ LANG ] D:\phpStudy\PHPTutorial\WWW\exam1\thinkphp\lang\zh-cn.php
[ info ] [ ROUTE ] array (
  'type' => 'module',
  'module' => 
  array (
    0 => 'admin',
    1 => 'admin',
    2 => 'js',
  ),
)
[ info ] [ HEADER ] array (
  'cookie' => 'pgv_pvi=6920314880; pgv_si=s2128145408; Hm_lvt_b393d153aeb26b46e9431fabaf0f6190=1569552275; Hm_lpvt_b393d153aeb26b46e9431fabaf0f6190=1570519017',
  'accept-language' => 'zh-CN,zh;q=0.9',
  'accept-encoding' => 'gzip, deflate',
  'referer' => 'http://www.exam.com/admin/admin/add.html',
  'accept' => '*/*',
  'user-agent' => 'Mozilla/5.0 (Windows NT 10.0; WOW64) AppleWebKit/537.36 (KHTML, like Gecko) Chrome/76.0.3809.100 Safari/537.36',
  'connection' => 'close',
  'host' => 'www.exam.com',
)
[ info ] [ PARAM ] array (
  '/admin/admin/js/xadmin_js' => '',
)
[ info ] [ LOG ] INIT File
---------------------------------------------------------------
[ 2019-10-08T15:20:13+08:00 ] 127.0.0.1 GET www.exam.com/admin/admin/add.html
[运行时间：0.019894s] [吞吐率：50.27req/s] [内存消耗：1,519.48kb] [文件加载：42]
[ info ] [ LANG ] D:\phpStudy\PHPTutorial\WWW\exam1\thinkphp\lang\zh-cn.php
[ info ] [ ROUTE ] array (
  'type' => 'module',
  'module' => 
  array (
    0 => 'admin',
    1 => 'admin',
    2 => 'add',
  ),
)
[ info ] [ HEADER ] array (
  'cookie' => 'pgv_pvi=6920314880; pgv_si=s2128145408; Hm_lvt_b393d153aeb26b46e9431fabaf0f6190=1569552275; Hm_lpvt_b393d153aeb26b46e9431fabaf0f6190=1570519185',
  'accept-language' => 'zh-CN,zh;q=0.9',
  'accept-encoding' => 'gzip, deflate',
  'referer' => 'http://www.exam.com/admin/admin/index.html',
  'accept' => 'text/html,application/xhtml+xml,application/xml;q=0.9,image/webp,image/apng,*/*;q=0.8,application/signed-exchange;v=b3',
  'user-agent' => 'Mozilla/5.0 (Windows NT 10.0; WOW64) AppleWebKit/537.36 (KHTML, like Gecko) Chrome/76.0.3809.100 Safari/537.36',
  'upgrade-insecure-requests' => '1',
  'cache-control' => 'max-age=0',
  'connection' => 'close',
  'host' => 'www.exam.com',
)
[ info ] [ PARAM ] array (
  '/admin/admin/add_html' => '',
)
[ info ] [ RUN ] app\admin\controller\Admin->add[ D:\phpStudy\PHPTutorial\WWW\exam1\application\admin\controller\Admin.php ]
[ info ] [ VIEW ] D:\phpStudy\PHPTutorial\WWW\exam1\public/../application/admin\view\admin\add.html [ array (
) ]
[ info ] [ LOG ] INIT File
---------------------------------------------------------------
[ 2019-10-08T15:21:28+08:00 ] 127.0.0.1 GET www.exam.com/admin/admin/add.html
[运行时间：0.017847s] [吞吐率：56.03req/s] [内存消耗：1,519.48kb] [文件加载：42]
[ info ] [ LANG ] D:\phpStudy\PHPTutorial\WWW\exam1\thinkphp\lang\zh-cn.php
[ info ] [ ROUTE ] array (
  'type' => 'module',
  'module' => 
  array (
    0 => 'admin',
    1 => 'admin',
    2 => 'add',
  ),
)
[ info ] [ HEADER ] array (
  'cookie' => 'pgv_pvi=6920314880; pgv_si=s2128145408; Hm_lvt_b393d153aeb26b46e9431fabaf0f6190=1569552275; Hm_lpvt_b393d153aeb26b46e9431fabaf0f6190=1570519214',
  'accept-language' => 'zh-CN,zh;q=0.9',
  'accept-encoding' => 'gzip, deflate',
  'referer' => 'http://www.exam.com/admin/admin/index.html',
  'accept' => 'text/html,application/xhtml+xml,application/xml;q=0.9,image/webp,image/apng,*/*;q=0.8,application/signed-exchange;v=b3',
  'user-agent' => 'Mozilla/5.0 (Windows NT 10.0; WOW64) AppleWebKit/537.36 (KHTML, like Gecko) Chrome/76.0.3809.100 Safari/537.36',
  'upgrade-insecure-requests' => '1',
  'cache-control' => 'max-age=0',
  'connection' => 'close',
  'host' => 'www.exam.com',
)
[ info ] [ PARAM ] array (
  '/admin/admin/add_html' => '',
)
[ info ] [ RUN ] app\admin\controller\Admin->add[ D:\phpStudy\PHPTutorial\WWW\exam1\application\admin\controller\Admin.php ]
[ info ] [ VIEW ] D:\phpStudy\PHPTutorial\WWW\exam1\public/../application/admin\view\admin\add.html [ array (
) ]
[ info ] [ LOG ] INIT File
---------------------------------------------------------------
[ 2019-10-08T15:21:46+08:00 ] 127.0.0.1 GET www.exam.com/admin/admin/add.html
[运行时间：0.022361s] [吞吐率：44.72req/s] [内存消耗：1,519.48kb] [文件加载：42]
[ info ] [ LANG ] D:\phpStudy\PHPTutorial\WWW\exam1\thinkphp\lang\zh-cn.php
[ info ] [ ROUTE ] array (
  'type' => 'module',
  'module' => 
  array (
    0 => 'admin',
    1 => 'admin',
    2 => 'add',
  ),
)
[ info ] [ HEADER ] array (
  'cookie' => 'pgv_pvi=6920314880; pgv_si=s2128145408; Hm_lvt_b393d153aeb26b46e9431fabaf0f6190=1569552275; Hm_lpvt_b393d153aeb26b46e9431fabaf0f6190=1570519289',
  'accept-language' => 'zh-CN,zh;q=0.9',
  'accept-encoding' => 'gzip, deflate',
  'referer' => 'http://www.exam.com/admin/admin/index.html',
  'accept' => 'text/html,application/xhtml+xml,application/xml;q=0.9,image/webp,image/apng,*/*;q=0.8,application/signed-exchange;v=b3',
  'user-agent' => 'Mozilla/5.0 (Windows NT 10.0; WOW64) AppleWebKit/537.36 (KHTML, like Gecko) Chrome/76.0.3809.100 Safari/537.36',
  'upgrade-insecure-requests' => '1',
  'cache-control' => 'max-age=0',
  'connection' => 'close',
  'host' => 'www.exam.com',
)
[ info ] [ PARAM ] array (
  '/admin/admin/add_html' => '',
)
[ info ] [ RUN ] app\admin\controller\Admin->add[ D:\phpStudy\PHPTutorial\WWW\exam1\application\admin\controller\Admin.php ]
[ info ] [ VIEW ] D:\phpStudy\PHPTutorial\WWW\exam1\public/../application/admin\view\admin\add.html [ array (
) ]
[ info ] [ LOG ] INIT File
---------------------------------------------------------------
[ 2019-10-08T15:22:54+08:00 ] 127.0.0.1 GET www.exam.com/admin/admin/add.html
[运行时间：0.020366s] [吞吐率：49.10req/s] [内存消耗：1,327.50kb] [文件加载：40]
[ info ] [ LANG ] D:\phpStudy\PHPTutorial\WWW\exam1\thinkphp\lang\zh-cn.php
[ info ] [ ROUTE ] array (
  'type' => 'module',
  'module' => 
  array (
    0 => 'admin',
    1 => 'admin',
    2 => 'add',
  ),
)
[ info ] [ HEADER ] array (
  'cookie' => 'pgv_pvi=6920314880; pgv_si=s2128145408; Hm_lvt_b393d153aeb26b46e9431fabaf0f6190=1569552275; Hm_lpvt_b393d153aeb26b46e9431fabaf0f6190=1570519307',
  'accept-language' => 'zh-CN,zh;q=0.9',
  'accept-encoding' => 'gzip, deflate',
  'referer' => 'http://www.exam.com/admin/admin/index.html',
  'accept' => 'text/html,application/xhtml+xml,application/xml;q=0.9,image/webp,image/apng,*/*;q=0.8,application/signed-exchange;v=b3',
  'user-agent' => 'Mozilla/5.0 (Windows NT 10.0; WOW64) AppleWebKit/537.36 (KHTML, like Gecko) Chrome/76.0.3809.100 Safari/537.36',
  'upgrade-insecure-requests' => '1',
  'cache-control' => 'max-age=0',
  'connection' => 'close',
  'host' => 'www.exam.com',
)
[ info ] [ PARAM ] array (
  '/admin/admin/add_html' => '',
)
[ info ] [ RUN ] app\admin\controller\Admin->add[ D:\phpStudy\PHPTutorial\WWW\exam1\application\admin\controller\Admin.php ]
[ info ] [ VIEW ] D:\phpStudy\PHPTutorial\WWW\exam1\public/../application/admin\view\admin\add.html [ array (
) ]
[ info ] [ LOG ] INIT File
---------------------------------------------------------------
[ 2019-10-08T15:25:17+08:00 ] 127.0.0.1 GET www.exam.com/admin/admin/add.html
[运行时间：0.029345s] [吞吐率：34.08req/s] [内存消耗：1,327.05kb] [文件加载：40]
[ info ] [ LANG ] D:\phpStudy\PHPTutorial\WWW\exam1\thinkphp\lang\zh-cn.php
[ info ] [ ROUTE ] array (
  'type' => 'module',
  'module' => 
  array (
    0 => 'admin',
    1 => 'admin',
    2 => 'add',
  ),
)
[ info ] [ HEADER ] array (
  'cookie' => 'pgv_pvi=6920314880; pgv_si=s2128145408; Hm_lvt_b393d153aeb26b46e9431fabaf0f6190=1569552275; Hm_lpvt_b393d153aeb26b46e9431fabaf0f6190=1570519375',
  'accept-language' => 'zh-CN,zh;q=0.9',
  'accept-encoding' => 'gzip, deflate',
  'referer' => 'http://www.exam.com/admin/admin/index.html',
  'accept' => 'text/html,application/xhtml+xml,application/xml;q=0.9,image/webp,image/apng,*/*;q=0.8,application/signed-exchange;v=b3',
  'user-agent' => 'Mozilla/5.0 (Windows NT 10.0; WOW64) AppleWebKit/537.36 (KHTML, like Gecko) Chrome/76.0.3809.100 Safari/537.36',
  'upgrade-insecure-requests' => '1',
  'connection' => 'close',
  'host' => 'www.exam.com',
)
[ info ] [ PARAM ] array (
  '/admin/admin/add_html' => '',
)
[ info ] [ RUN ] app\admin\controller\Admin->add[ D:\phpStudy\PHPTutorial\WWW\exam1\application\admin\controller\Admin.php ]
[ info ] [ VIEW ] D:\phpStudy\PHPTutorial\WWW\exam1\public/../application/admin\view\admin\add.html [ array (
) ]
[ info ] [ LOG ] INIT File
---------------------------------------------------------------
[ 2019-10-08T15:25:24+08:00 ] 127.0.0.1 GET www.exam.com/admin/admin/index.html
[运行时间：0.022464s] [吞吐率：44.52req/s] [内存消耗：1,377.38kb] [文件加载：41]
[ info ] [ LANG ] D:\phpStudy\PHPTutorial\WWW\exam1\thinkphp\lang\zh-cn.php
[ info ] [ ROUTE ] array (
  'type' => 'module',
  'module' => 
  array (
    0 => 'admin',
    1 => 'admin',
    2 => 'index',
  ),
)
[ info ] [ HEADER ] array (
  'cookie' => 'pgv_pvi=6920314880; pgv_si=s2128145408; Hm_lvt_b393d153aeb26b46e9431fabaf0f6190=1569552275; Hm_lpvt_b393d153aeb26b46e9431fabaf0f6190=1570519518',
  'accept-language' => 'zh-CN,zh;q=0.9',
  'accept-encoding' => 'gzip, deflate',
  'referer' => 'http://www.exam.com/admin/index/index.html',
  'accept' => 'text/html,application/xhtml+xml,application/xml;q=0.9,image/webp,image/apng,*/*;q=0.8,application/signed-exchange;v=b3',
  'user-agent' => 'Mozilla/5.0 (Windows NT 10.0; WOW64) AppleWebKit/537.36 (KHTML, like Gecko) Chrome/76.0.3809.100 Safari/537.36',
  'upgrade-insecure-requests' => '1',
  'cache-control' => 'max-age=0',
  'connection' => 'close',
  'host' => 'www.exam.com',
)
[ info ] [ PARAM ] array (
  '/admin/admin/index_html' => '',
)
[ info ] [ RUN ] app\admin\controller\Admin->index[ D:\phpStudy\PHPTutorial\WWW\exam1\application\admin\controller\Admin.php ]
[ info ] [ VIEW ] D:\phpStudy\PHPTutorial\WWW\exam1\public/../application/admin\view\admin\index.html [ array (
) ]
[ info ] [ LOG ] INIT File
---------------------------------------------------------------
[ 2019-10-08T15:25:26+08:00 ] 127.0.0.1 GET www.exam.com/admin/admin/add.html
[运行时间：0.020912s] [吞吐率：47.82req/s] [内存消耗：1,327.05kb] [文件加载：40]
[ info ] [ LANG ] D:\phpStudy\PHPTutorial\WWW\exam1\thinkphp\lang\zh-cn.php
[ info ] [ ROUTE ] array (
  'type' => 'module',
  'module' => 
  array (
    0 => 'admin',
    1 => 'admin',
    2 => 'add',
  ),
)
[ info ] [ HEADER ] array (
  'cookie' => 'pgv_pvi=6920314880; pgv_si=s2128145408; Hm_lvt_b393d153aeb26b46e9431fabaf0f6190=1569552275; Hm_lpvt_b393d153aeb26b46e9431fabaf0f6190=1570519525',
  'accept-language' => 'zh-CN,zh;q=0.9',
  'accept-encoding' => 'gzip, deflate',
  'referer' => 'http://www.exam.com/admin/admin/index.html',
  'accept' => 'text/html,application/xhtml+xml,application/xml;q=0.9,image/webp,image/apng,*/*;q=0.8,application/signed-exchange;v=b3',
  'user-agent' => 'Mozilla/5.0 (Windows NT 10.0; WOW64) AppleWebKit/537.36 (KHTML, like Gecko) Chrome/76.0.3809.100 Safari/537.36',
  'upgrade-insecure-requests' => '1',
  'connection' => 'close',
  'host' => 'www.exam.com',
)
[ info ] [ PARAM ] array (
  '/admin/admin/add_html' => '',
)
[ info ] [ RUN ] app\admin\controller\Admin->add[ D:\phpStudy\PHPTutorial\WWW\exam1\application\admin\controller\Admin.php ]
[ info ] [ VIEW ] D:\phpStudy\PHPTutorial\WWW\exam1\public/../application/admin\view\admin\add.html [ array (
) ]
[ info ] [ LOG ] INIT File
---------------------------------------------------------------
[ 2019-10-08T19:31:41+08:00 ] 127.0.0.1 GET www.exam.com/admin/admin/index.html
[运行时间：0.033031s] [吞吐率：30.27req/s] [内存消耗：1,377.70kb] [文件加载：41]
[ info ] [ LANG ] D:\phpStudy\PHPTutorial\WWW\exam1\thinkphp\lang\zh-cn.php
[ info ] [ ROUTE ] array (
  'type' => 'module',
  'module' => 
  array (
    0 => 'admin',
    1 => 'admin',
    2 => 'index',
  ),
)
[ info ] [ HEADER ] array (
  'cookie' => 'pgv_pvi=6920314880; pgv_si=s2128145408; Hm_lvt_b393d153aeb26b46e9431fabaf0f6190=1569552275; Hm_lpvt_b393d153aeb26b46e9431fabaf0f6190=1570519526',
  'accept-language' => 'zh-CN,zh;q=0.9',
  'accept-encoding' => 'gzip, deflate',
  'referer' => 'http://www.exam.com/admin/index/index.html',
  'accept' => 'text/html,application/xhtml+xml,application/xml;q=0.9,image/webp,image/apng,*/*;q=0.8,application/signed-exchange;v=b3',
  'user-agent' => 'Mozilla/5.0 (Windows NT 10.0; WOW64) AppleWebKit/537.36 (KHTML, like Gecko) Chrome/76.0.3809.100 Safari/537.36',
  'upgrade-insecure-requests' => '1',
  'cache-control' => 'max-age=0',
  'connection' => 'close',
  'host' => 'www.exam.com',
)
[ info ] [ PARAM ] array (
  '/admin/admin/index_html' => '',
)
[ info ] [ RUN ] app\admin\controller\Admin->index[ D:\phpStudy\PHPTutorial\WWW\exam1\application\admin\controller\Admin.php ]
[ info ] [ VIEW ] D:\phpStudy\PHPTutorial\WWW\exam1\public/../application/admin\view\admin\index.html [ array (
) ]
[ info ] [ LOG ] INIT File
---------------------------------------------------------------
[ 2019-10-08T19:31:42+08:00 ] 127.0.0.1 GET www.exam.com/admin/admin/add.html
[运行时间：0.033243s] [吞吐率：30.08req/s] [内存消耗：1,519.35kb] [文件加载：42]
[ info ] [ LANG ] D:\phpStudy\PHPTutorial\WWW\exam1\thinkphp\lang\zh-cn.php
[ info ] [ ROUTE ] array (
  'type' => 'module',
  'module' => 
  array (
    0 => 'admin',
    1 => 'admin',
    2 => 'add',
  ),
)
[ info ] [ HEADER ] array (
  'cookie' => 'pgv_pvi=6920314880; pgv_si=s2128145408; Hm_lvt_b393d153aeb26b46e9431fabaf0f6190=1569552275; Hm_lpvt_b393d153aeb26b46e9431fabaf0f6190=1570519526',
  'accept-language' => 'zh-CN,zh;q=0.9',
  'accept-encoding' => 'gzip, deflate',
  'referer' => 'http://www.exam.com/admin/admin/index.html',
  'accept' => 'text/html,application/xhtml+xml,application/xml;q=0.9,image/webp,image/apng,*/*;q=0.8,application/signed-exchange;v=b3',
  'user-agent' => 'Mozilla/5.0 (Windows NT 10.0; WOW64) AppleWebKit/537.36 (KHTML, like Gecko) Chrome/76.0.3809.100 Safari/537.36',
  'upgrade-insecure-requests' => '1',
  'connection' => 'close',
  'host' => 'www.exam.com',
)
[ info ] [ PARAM ] array (
  '/admin/admin/add_html' => '',
)
[ info ] [ RUN ] app\admin\controller\Admin->add[ D:\phpStudy\PHPTutorial\WWW\exam1\application\admin\controller\Admin.php ]
[ info ] [ VIEW ] D:\phpStudy\PHPTutorial\WWW\exam1\public/../application/admin\view\admin\add.html [ array (
) ]
[ info ] [ LOG ] INIT File
---------------------------------------------------------------
[ 2019-10-08T19:32:52+08:00 ] 127.0.0.1 GET www.exam.com/admin/admin/add.html
[运行时间：0.084621s] [吞吐率：11.82req/s] [内存消耗：1,356.35kb] [文件加载：42]
[ info ] [ LANG ] D:\phpStudy\PHPTutorial\WWW\exam1\thinkphp\lang\zh-cn.php
[ info ] [ ROUTE ] array (
  'type' => 'module',
  'module' => 
  array (
    0 => 'admin',
    1 => 'admin',
    2 => 'add',
  ),
)
[ info ] [ HEADER ] array (
  'cookie' => 'pgv_pvi=6920314880; pgv_si=s2128145408; Hm_lvt_b393d153aeb26b46e9431fabaf0f6190=1569552275; Hm_lpvt_b393d153aeb26b46e9431fabaf0f6190=1570519526',
  'accept-language' => 'zh-CN,zh;q=0.9',
  'accept-encoding' => 'gzip, deflate',
  'referer' => 'http://www.exam.com/admin/admin/index.html',
  'accept' => 'text/html,application/xhtml+xml,application/xml;q=0.9,image/webp,image/apng,*/*;q=0.8,application/signed-exchange;v=b3',
  'user-agent' => 'Mozilla/5.0 (Windows NT 10.0; WOW64) AppleWebKit/537.36 (KHTML, like Gecko) Chrome/76.0.3809.100 Safari/537.36',
  'upgrade-insecure-requests' => '1',
  'cache-control' => 'max-age=0',
  'connection' => 'close',
  'host' => 'www.exam.com',
)
[ info ] [ PARAM ] array (
  '/admin/admin/add_html' => '',
)
[ info ] [ RUN ] app\admin\controller\Admin->add[ D:\phpStudy\PHPTutorial\WWW\exam1\application\admin\controller\Admin.php ]
[ info ] [ LOG ] INIT File
[ error ] [0]致命错误: Class 'Think\Db' not found[D:\phpStudy\PHPTutorial\WWW\exam1\application\admin\controller\Admin.php:20]
---------------------------------------------------------------
[ 2019-10-08T19:33:15+08:00 ] 127.0.0.1 GET www.exam.com/admin/admin/add.html
[运行时间：0.044452s] [吞吐率：22.50req/s] [内存消耗：2,232.92kb] [文件加载：50]
[ info ] [ LANG ] D:\phpStudy\PHPTutorial\WWW\exam1\thinkphp\lang\zh-cn.php
[ info ] [ ROUTE ] array (
  'type' => 'module',
  'module' => 
  array (
    0 => 'admin',
    1 => 'admin',
    2 => 'add',
  ),
)
[ info ] [ HEADER ] array (
  'cookie' => 'pgv_pvi=6920314880; pgv_si=s2128145408; Hm_lvt_b393d153aeb26b46e9431fabaf0f6190=1569552275; Hm_lpvt_b393d153aeb26b46e9431fabaf0f6190=1570519526',
  'accept-language' => 'zh-CN,zh;q=0.9',
  'accept-encoding' => 'gzip, deflate',
  'referer' => 'http://www.exam.com/admin/admin/index.html',
  'accept' => 'text/html,application/xhtml+xml,application/xml;q=0.9,image/webp,image/apng,*/*;q=0.8,application/signed-exchange;v=b3',
  'user-agent' => 'Mozilla/5.0 (Windows NT 10.0; WOW64) AppleWebKit/537.36 (KHTML, like Gecko) Chrome/76.0.3809.100 Safari/537.36',
  'upgrade-insecure-requests' => '1',
  'cache-control' => 'max-age=0',
  'connection' => 'close',
  'host' => 'www.exam.com',
)
[ info ] [ PARAM ] array (
  '/admin/admin/add_html' => '',
)
[ info ] [ RUN ] app\admin\controller\Admin->add[ D:\phpStudy\PHPTutorial\WWW\exam1\application\admin\controller\Admin.php ]
[ info ] [ DB ] INIT mysql
[ info ] [ VIEW ] D:\phpStudy\PHPTutorial\WWW\exam1\public/../application/admin\view\admin\add.html [ array (
  0 => 'data',
) ]
[ info ] [ LOG ] INIT File
[ sql ] [ DB ] CONNECT:[ UseTime:0.001601s ] mysql:host=127.0.0.1;port=3306;dbname=exam1;charset=utf8
[ sql ] [ SQL ] SHOW COLUMNS FROM `em_role` [ RunTime:0.013317s ]
[ sql ] [ SQL ] SELECT * FROM `em_role` [ RunTime:0.000433s ]
---------------------------------------------------------------
[ 2019-10-08T19:34:02+08:00 ] 127.0.0.1 GET www.exam.com/admin/admin/add.html
[运行时间：0.080794s] [吞吐率：12.38req/s] [内存消耗：2,231.55kb] [文件加载：50]
[ info ] [ LANG ] D:\phpStudy\PHPTutorial\WWW\exam1\thinkphp\lang\zh-cn.php
[ info ] [ ROUTE ] array (
  'type' => 'module',
  'module' => 
  array (
    0 => 'admin',
    1 => 'admin',
    2 => 'add',
  ),
)
[ info ] [ HEADER ] array (
  'cookie' => 'pgv_pvi=6920314880; pgv_si=s2128145408; Hm_lvt_b393d153aeb26b46e9431fabaf0f6190=1569552275; Hm_lpvt_b393d153aeb26b46e9431fabaf0f6190=1570519526',
  'accept-language' => 'zh-CN,zh;q=0.9',
  'accept-encoding' => 'gzip, deflate',
  'referer' => 'http://www.exam.com/admin/admin/index.html',
  'accept' => 'text/html,application/xhtml+xml,application/xml;q=0.9,image/webp,image/apng,*/*;q=0.8,application/signed-exchange;v=b3',
  'user-agent' => 'Mozilla/5.0 (Windows NT 10.0; WOW64) AppleWebKit/537.36 (KHTML, like Gecko) Chrome/76.0.3809.100 Safari/537.36',
  'upgrade-insecure-requests' => '1',
  'cache-control' => 'max-age=0',
  'connection' => 'close',
  'host' => 'www.exam.com',
)
[ info ] [ PARAM ] array (
  '/admin/admin/add_html' => '',
)
[ info ] [ RUN ] app\admin\controller\Admin->add[ D:\phpStudy\PHPTutorial\WWW\exam1\application\admin\controller\Admin.php ]
[ info ] [ DB ] INIT mysql
[ info ] [ VIEW ] D:\phpStudy\PHPTutorial\WWW\exam1\public/../application/admin\view\admin\add.html [ array (
  0 => 'data',
) ]
[ info ] [ LOG ] INIT File
[ sql ] [ DB ] CONNECT:[ UseTime:0.010265s ] mysql:host=127.0.0.1;port=3306;dbname=exam1;charset=utf8
[ sql ] [ SQL ] SHOW COLUMNS FROM `em_role` [ RunTime:0.024455s ]
[ sql ] [ SQL ] SELECT * FROM `em_role` [ RunTime:0.001156s ]
---------------------------------------------------------------
[ 2019-10-08T19:34:28+08:00 ] 127.0.0.1 GET www.exam.com/admin/admin/add.html
[运行时间：0.063117s] [吞吐率：15.84req/s] [内存消耗：2,231.20kb] [文件加载：50]
[ info ] [ LANG ] D:\phpStudy\PHPTutorial\WWW\exam1\thinkphp\lang\zh-cn.php
[ info ] [ ROUTE ] array (
  'type' => 'module',
  'module' => 
  array (
    0 => 'admin',
    1 => 'admin',
    2 => 'add',
  ),
)
[ info ] [ HEADER ] array (
  'cookie' => 'pgv_pvi=6920314880; pgv_si=s2128145408; Hm_lvt_b393d153aeb26b46e9431fabaf0f6190=1569552275; Hm_lpvt_b393d153aeb26b46e9431fabaf0f6190=1570519526',
  'accept-language' => 'zh-CN,zh;q=0.9',
  'accept-encoding' => 'gzip, deflate',
  'referer' => 'http://www.exam.com/admin/admin/index.html',
  'accept' => 'text/html,application/xhtml+xml,application/xml;q=0.9,image/webp,image/apng,*/*;q=0.8,application/signed-exchange;v=b3',
  'user-agent' => 'Mozilla/5.0 (Windows NT 10.0; WOW64) AppleWebKit/537.36 (KHTML, like Gecko) Chrome/76.0.3809.100 Safari/537.36',
  'upgrade-insecure-requests' => '1',
  'cache-control' => 'max-age=0',
  'connection' => 'close',
  'host' => 'www.exam.com',
)
[ info ] [ PARAM ] array (
  '/admin/admin/add_html' => '',
)
[ info ] [ RUN ] app\admin\controller\Admin->add[ D:\phpStudy\PHPTutorial\WWW\exam1\application\admin\controller\Admin.php ]
[ info ] [ DB ] INIT mysql
[ info ] [ VIEW ] D:\phpStudy\PHPTutorial\WWW\exam1\public/../application/admin\view\admin\add.html [ array (
  0 => 'data',
) ]
[ info ] [ LOG ] INIT File
[ sql ] [ DB ] CONNECT:[ UseTime:0.011455s ] mysql:host=127.0.0.1;port=3306;dbname=exam1;charset=utf8
[ sql ] [ SQL ] SHOW COLUMNS FROM `em_role` [ RunTime:0.016496s ]
[ sql ] [ SQL ] SELECT * FROM `em_role` [ RunTime:0.000476s ]
---------------------------------------------------------------
[ 2019-10-08T19:34:43+08:00 ] 127.0.0.1 GET www.exam.com/admin/admin/add.html
[运行时间：0.068445s] [吞吐率：14.61req/s] [内存消耗：2,231.63kb] [文件加载：50]
[ info ] [ LANG ] D:\phpStudy\PHPTutorial\WWW\exam1\thinkphp\lang\zh-cn.php
[ info ] [ ROUTE ] array (
  'type' => 'module',
  'module' => 
  array (
    0 => 'admin',
    1 => 'admin',
    2 => 'add',
  ),
)
[ info ] [ HEADER ] array (
  'cookie' => 'pgv_pvi=6920314880; pgv_si=s2128145408; Hm_lvt_b393d153aeb26b46e9431fabaf0f6190=1569552275; Hm_lpvt_b393d153aeb26b46e9431fabaf0f6190=1570519526',
  'accept-language' => 'zh-CN,zh;q=0.9',
  'accept-encoding' => 'gzip, deflate',
  'referer' => 'http://www.exam.com/admin/admin/index.html',
  'accept' => 'text/html,application/xhtml+xml,application/xml;q=0.9,image/webp,image/apng,*/*;q=0.8,application/signed-exchange;v=b3',
  'user-agent' => 'Mozilla/5.0 (Windows NT 10.0; WOW64) AppleWebKit/537.36 (KHTML, like Gecko) Chrome/76.0.3809.100 Safari/537.36',
  'upgrade-insecure-requests' => '1',
  'cache-control' => 'max-age=0',
  'connection' => 'close',
  'host' => 'www.exam.com',
)
[ info ] [ PARAM ] array (
  '/admin/admin/add_html' => '',
)
[ info ] [ RUN ] app\admin\controller\Admin->add[ D:\phpStudy\PHPTutorial\WWW\exam1\application\admin\controller\Admin.php ]
[ info ] [ DB ] INIT mysql
[ info ] [ VIEW ] D:\phpStudy\PHPTutorial\WWW\exam1\public/../application/admin\view\admin\add.html [ array (
  0 => 'data',
) ]
[ info ] [ LOG ] INIT File
[ sql ] [ DB ] CONNECT:[ UseTime:0.011649s ] mysql:host=127.0.0.1;port=3306;dbname=exam1;charset=utf8
[ sql ] [ SQL ] SHOW COLUMNS FROM `em_role` [ RunTime:0.016632s ]
[ sql ] [ SQL ] SELECT * FROM `em_role` [ RunTime:0.000491s ]
---------------------------------------------------------------
[ 2019-10-08T20:54:47+08:00 ] 127.0.0.1 GET www.exam.com/admin/admin/add.html
[运行时间：0.053776s] [吞吐率：18.60req/s] [内存消耗：2,281.49kb] [文件加载：51]
[ info ] [ LANG ] D:\phpStudy\PHPTutorial\WWW\exam1\thinkphp\lang\zh-cn.php
[ info ] [ ROUTE ] array (
  'type' => 'module',
  'module' => 
  array (
    0 => 'admin',
    1 => 'admin',
    2 => 'add',
  ),
)
[ info ] [ HEADER ] array (
  'cookie' => 'pgv_pvi=6920314880; pgv_si=s2128145408; Hm_lvt_b393d153aeb26b46e9431fabaf0f6190=1569552275; Hm_lpvt_b393d153aeb26b46e9431fabaf0f6190=1570519526',
  'accept-language' => 'zh-CN,zh;q=0.9',
  'accept-encoding' => 'gzip, deflate',
  'referer' => 'http://www.exam.com/admin/admin/index.html',
  'accept' => 'text/html,application/xhtml+xml,application/xml;q=0.9,image/webp,image/apng,*/*;q=0.8,application/signed-exchange;v=b3',
  'user-agent' => 'Mozilla/5.0 (Windows NT 10.0; WOW64) AppleWebKit/537.36 (KHTML, like Gecko) Chrome/76.0.3809.100 Safari/537.36',
  'upgrade-insecure-requests' => '1',
  'cache-control' => 'max-age=0',
  'connection' => 'close',
  'host' => 'www.exam.com',
)
[ info ] [ PARAM ] array (
  '/admin/admin/add_html' => '',
)
[ info ] [ RUN ] app\admin\controller\Admin->add[ D:\phpStudy\PHPTutorial\WWW\exam1\application\admin\controller\Admin.php ]
[ info ] [ DB ] INIT mysql
[ info ] [ VIEW ] D:\phpStudy\PHPTutorial\WWW\exam1\public/../application/admin\view\admin\add.html [ array (
  0 => 'data',
) ]
[ info ] [ LOG ] INIT File
[ sql ] [ DB ] CONNECT:[ UseTime:0.001731s ] mysql:host=127.0.0.1;port=3306;dbname=exam1;charset=utf8
[ sql ] [ SQL ] SHOW COLUMNS FROM `em_role` [ RunTime:0.010096s ]
[ sql ] [ SQL ] SELECT * FROM `em_role` [ RunTime:0.000440s ]
---------------------------------------------------------------
[ 2019-10-08T20:55:11+08:00 ] 127.0.0.1 POST www.exam.com/admin/admin/add.html
[运行时间：0.043657s] [吞吐率：22.91req/s] [内存消耗：2,036.64kb] [文件加载：49]
[ info ] [ LANG ] D:\phpStudy\PHPTutorial\WWW\exam1\thinkphp\lang\zh-cn.php
[ info ] [ ROUTE ] array (
  'type' => 'module',
  'module' => 
  array (
    0 => 'admin',
    1 => 'admin',
    2 => 'add',
  ),
)
[ info ] [ HEADER ] array (
  'cookie' => 'pgv_pvi=6920314880; pgv_si=s2128145408; Hm_lvt_b393d153aeb26b46e9431fabaf0f6190=1569552275; Hm_lpvt_b393d153aeb26b46e9431fabaf0f6190=1570539288',
  'accept-language' => 'zh-CN,zh;q=0.9',
  'accept-encoding' => 'gzip, deflate',
  'referer' => 'http://www.exam.com/admin/admin/add.html',
  'content-type' => 'application/x-www-form-urlencoded; charset=UTF-8',
  'user-agent' => 'Mozilla/5.0 (Windows NT 10.0; WOW64) AppleWebKit/537.36 (KHTML, like Gecko) Chrome/76.0.3809.100 Safari/537.36',
  'x-requested-with' => 'XMLHttpRequest',
  'origin' => 'http://www.exam.com',
  'accept' => '*/*',
  'content-length' => '101',
  'connection' => 'close',
  'host' => 'www.exam.com',
)
[ info ] [ PARAM ] array (
  '/admin/admin/add_html' => '',
  'data' => 
  array (
    'username' => 'admin',
    'tel' => '15988888888',
    'role[4' => 'on',
    'password' => '123456',
  ),
)
[ info ] [ RUN ] app\admin\controller\Admin->add[ D:\phpStudy\PHPTutorial\WWW\exam1\application\admin\controller\Admin.php ]
[ info ] [ DB ] INIT mysql
[ info ] [ LOG ] INIT File
[ sql ] [ DB ] CONNECT:[ UseTime:0.001002s ] mysql:host=127.0.0.1;port=3306;dbname=exam1;charset=utf8
[ sql ] [ SQL ] SHOW COLUMNS FROM `em_admin` [ RunTime:0.013975s ]
[ error ] [0]不支持的数据表达式:role[4[D:\phpStudy\PHPTutorial\WWW\exam1\thinkphp\library\think\db\builder\Mysql.php:113]
---------------------------------------------------------------
[ 2019-10-08T20:55:14+08:00 ] 127.0.0.1 POST www.exam.com/admin/admin/add.html
[运行时间：0.045252s] [吞吐率：22.10req/s] [内存消耗：2,036.64kb] [文件加载：49]
[ info ] [ LANG ] D:\phpStudy\PHPTutorial\WWW\exam1\thinkphp\lang\zh-cn.php
[ info ] [ ROUTE ] array (
  'type' => 'module',
  'module' => 
  array (
    0 => 'admin',
    1 => 'admin',
    2 => 'add',
  ),
)
[ info ] [ HEADER ] array (
  'cookie' => 'pgv_pvi=6920314880; pgv_si=s2128145408; Hm_lvt_b393d153aeb26b46e9431fabaf0f6190=1569552275; Hm_lpvt_b393d153aeb26b46e9431fabaf0f6190=1570539288',
  'accept-language' => 'zh-CN,zh;q=0.9',
  'accept-encoding' => 'gzip, deflate',
  'referer' => 'http://www.exam.com/admin/admin/add.html',
  'content-type' => 'application/x-www-form-urlencoded; charset=UTF-8',
  'user-agent' => 'Mozilla/5.0 (Windows NT 10.0; WOW64) AppleWebKit/537.36 (KHTML, like Gecko) Chrome/76.0.3809.100 Safari/537.36',
  'x-requested-with' => 'XMLHttpRequest',
  'origin' => 'http://www.exam.com',
  'accept' => '*/*',
  'content-length' => '101',
  'connection' => 'close',
  'host' => 'www.exam.com',
)
[ info ] [ PARAM ] array (
  '/admin/admin/add_html' => '',
  'data' => 
  array (
    'username' => 'admin',
    'tel' => '15988888888',
    'role[4' => 'on',
    'password' => '123456',
  ),
)
[ info ] [ RUN ] app\admin\controller\Admin->add[ D:\phpStudy\PHPTutorial\WWW\exam1\application\admin\controller\Admin.php ]
[ info ] [ DB ] INIT mysql
[ info ] [ LOG ] INIT File
[ sql ] [ DB ] CONNECT:[ UseTime:0.001092s ] mysql:host=127.0.0.1;port=3306;dbname=exam1;charset=utf8
[ sql ] [ SQL ] SHOW COLUMNS FROM `em_admin` [ RunTime:0.014886s ]
[ error ] [0]不支持的数据表达式:role[4[D:\phpStudy\PHPTutorial\WWW\exam1\thinkphp\library\think\db\builder\Mysql.php:113]
---------------------------------------------------------------
[ 2019-10-08T20:58:21+08:00 ] 127.0.0.1 POST www.exam.com/admin/admin/add.html
[运行时间：0.065356s] [吞吐率：15.30req/s] [内存消耗：2,035.73kb] [文件加载：49]
[ info ] [ LANG ] D:\phpStudy\PHPTutorial\WWW\exam1\thinkphp\lang\zh-cn.php
[ info ] [ ROUTE ] array (
  'type' => 'module',
  'module' => 
  array (
    0 => 'admin',
    1 => 'admin',
    2 => 'add',
  ),
)
[ info ] [ HEADER ] array (
  'cookie' => 'pgv_pvi=6920314880; pgv_si=s2128145408; Hm_lvt_b393d153aeb26b46e9431fabaf0f6190=1569552275; Hm_lpvt_b393d153aeb26b46e9431fabaf0f6190=1570539288',
  'accept-language' => 'zh-CN,zh;q=0.9',
  'accept-encoding' => 'gzip, deflate',
  'referer' => 'http://www.exam.com/admin/admin/add.html',
  'content-type' => 'application/x-www-form-urlencoded; charset=UTF-8',
  'user-agent' => 'Mozilla/5.0 (Windows NT 10.0; WOW64) AppleWebKit/537.36 (KHTML, like Gecko) Chrome/76.0.3809.100 Safari/537.36',
  'x-requested-with' => 'XMLHttpRequest',
  'origin' => 'http://www.exam.com',
  'accept' => '*/*',
  'content-length' => '101',
  'connection' => 'close',
  'host' => 'www.exam.com',
)
[ info ] [ PARAM ] array (
  '/admin/admin/add_html' => '',
  'data' => 
  array (
    'username' => 'admin',
    'tel' => '15988888888',
    'role[4' => 'on',
    'password' => '123456',
  ),
)
[ info ] [ RUN ] app\admin\controller\Admin->add[ D:\phpStudy\PHPTutorial\WWW\exam1\application\admin\controller\Admin.php ]
[ info ] [ DB ] INIT mysql
[ info ] [ LOG ] INIT File
[ sql ] [ DB ] CONNECT:[ UseTime:0.011090s ] mysql:host=127.0.0.1;port=3306;dbname=exam1;charset=utf8
[ sql ] [ SQL ] SHOW COLUMNS FROM `em_admin` [ RunTime:0.016067s ]
[ error ] [0]不支持的数据表达式:role[4[D:\phpStudy\PHPTutorial\WWW\exam1\thinkphp\library\think\db\builder\Mysql.php:113]
---------------------------------------------------------------
[ 2019-10-08T21:20:56+08:00 ] 127.0.0.1 POST www.exam.com/admin/admin/add.html
[运行时间：0.053348s] [吞吐率：18.74req/s] [内存消耗：2,035.73kb] [文件加载：49]
[ info ] [ LANG ] D:\phpStudy\PHPTutorial\WWW\exam1\thinkphp\lang\zh-cn.php
[ info ] [ ROUTE ] array (
  'type' => 'module',
  'module' => 
  array (
    0 => 'admin',
    1 => 'admin',
    2 => 'add',
  ),
)
[ info ] [ HEADER ] array (
  'cookie' => 'pgv_pvi=6920314880; pgv_si=s2128145408; Hm_lvt_b393d153aeb26b46e9431fabaf0f6190=1569552275; Hm_lpvt_b393d153aeb26b46e9431fabaf0f6190=1570539288',
  'accept-language' => 'zh-CN,zh;q=0.9',
  'accept-encoding' => 'gzip, deflate',
  'referer' => 'http://www.exam.com/admin/admin/add.html',
  'content-type' => 'application/x-www-form-urlencoded; charset=UTF-8',
  'user-agent' => 'Mozilla/5.0 (Windows NT 10.0; WOW64) AppleWebKit/537.36 (KHTML, like Gecko) Chrome/76.0.3809.100 Safari/537.36',
  'x-requested-with' => 'XMLHttpRequest',
  'origin' => 'http://www.exam.com',
  'accept' => '*/*',
  'content-length' => '101',
  'connection' => 'close',
  'host' => 'www.exam.com',
)
[ info ] [ PARAM ] array (
  '/admin/admin/add_html' => '',
  'data' => 
  array (
    'username' => 'admin',
    'tel' => '15988888888',
    'role[4' => 'on',
    'password' => '123456',
  ),
)
[ info ] [ RUN ] app\admin\controller\Admin->add[ D:\phpStudy\PHPTutorial\WWW\exam1\application\admin\controller\Admin.php ]
[ info ] [ DB ] INIT mysql
[ info ] [ LOG ] INIT File
[ sql ] [ DB ] CONNECT:[ UseTime:0.010768s ] mysql:host=127.0.0.1;port=3306;dbname=exam1;charset=utf8
[ sql ] [ SQL ] SHOW COLUMNS FROM `em_admin` [ RunTime:0.012878s ]
[ error ] [0]不支持的数据表达式:role[4[D:\phpStudy\PHPTutorial\WWW\exam1\thinkphp\library\think\db\builder\Mysql.php:113]
---------------------------------------------------------------
[ 2019-10-08T21:20:56+08:00 ] 127.0.0.1 POST www.exam.com/admin/admin/add.html
[运行时间：0.041670s] [吞吐率：24.00req/s] [内存消耗：2,035.73kb] [文件加载：49]
[ info ] [ LANG ] D:\phpStudy\PHPTutorial\WWW\exam1\thinkphp\lang\zh-cn.php
[ info ] [ ROUTE ] array (
  'type' => 'module',
  'module' => 
  array (
    0 => 'admin',
    1 => 'admin',
    2 => 'add',
  ),
)
[ info ] [ HEADER ] array (
  'cookie' => 'pgv_pvi=6920314880; pgv_si=s2128145408; Hm_lvt_b393d153aeb26b46e9431fabaf0f6190=1569552275; Hm_lpvt_b393d153aeb26b46e9431fabaf0f6190=1570539288',
  'accept-language' => 'zh-CN,zh;q=0.9',
  'accept-encoding' => 'gzip, deflate',
  'referer' => 'http://www.exam.com/admin/admin/add.html',
  'content-type' => 'application/x-www-form-urlencoded; charset=UTF-8',
  'user-agent' => 'Mozilla/5.0 (Windows NT 10.0; WOW64) AppleWebKit/537.36 (KHTML, like Gecko) Chrome/76.0.3809.100 Safari/537.36',
  'x-requested-with' => 'XMLHttpRequest',
  'origin' => 'http://www.exam.com',
  'accept' => '*/*',
  'content-length' => '101',
  'connection' => 'close',
  'host' => 'www.exam.com',
)
[ info ] [ PARAM ] array (
  '/admin/admin/add_html' => '',
  'data' => 
  array (
    'username' => 'admin',
    'tel' => '15988888888',
    'role[4' => 'on',
    'password' => '123456',
  ),
)
[ info ] [ RUN ] app\admin\controller\Admin->add[ D:\phpStudy\PHPTutorial\WWW\exam1\application\admin\controller\Admin.php ]
[ info ] [ DB ] INIT mysql
[ info ] [ LOG ] INIT File
[ sql ] [ DB ] CONNECT:[ UseTime:0.010342s ] mysql:host=127.0.0.1;port=3306;dbname=exam1;charset=utf8
[ sql ] [ SQL ] SHOW COLUMNS FROM `em_admin` [ RunTime:0.008176s ]
[ error ] [0]不支持的数据表达式:role[4[D:\phpStudy\PHPTutorial\WWW\exam1\thinkphp\library\think\db\builder\Mysql.php:113]
---------------------------------------------------------------
[ 2019-10-08T21:20:57+08:00 ] 127.0.0.1 GET www.exam.com/admin/admin/add.html
[运行时间：0.042316s] [吞吐率：23.63req/s] [内存消耗：2,280.60kb] [文件加载：51]
[ info ] [ LANG ] D:\phpStudy\PHPTutorial\WWW\exam1\thinkphp\lang\zh-cn.php
[ info ] [ ROUTE ] array (
  'type' => 'module',
  'module' => 
  array (
    0 => 'admin',
    1 => 'admin',
    2 => 'add',
  ),
)
[ info ] [ HEADER ] array (
  'cookie' => 'pgv_pvi=6920314880; pgv_si=s2128145408; Hm_lvt_b393d153aeb26b46e9431fabaf0f6190=1569552275; Hm_lpvt_b393d153aeb26b46e9431fabaf0f6190=1570539288',
  'accept-language' => 'zh-CN,zh;q=0.9',
  'accept-encoding' => 'gzip, deflate',
  'referer' => 'http://www.exam.com/admin/admin/index.html',
  'accept' => 'text/html,application/xhtml+xml,application/xml;q=0.9,image/webp,image/apng,*/*;q=0.8,application/signed-exchange;v=b3',
  'user-agent' => 'Mozilla/5.0 (Windows NT 10.0; WOW64) AppleWebKit/537.36 (KHTML, like Gecko) Chrome/76.0.3809.100 Safari/537.36',
  'upgrade-insecure-requests' => '1',
  'cache-control' => 'max-age=0',
  'connection' => 'close',
  'host' => 'www.exam.com',
)
[ info ] [ PARAM ] array (
  '/admin/admin/add_html' => '',
)
[ info ] [ RUN ] app\admin\controller\Admin->add[ D:\phpStudy\PHPTutorial\WWW\exam1\application\admin\controller\Admin.php ]
[ info ] [ DB ] INIT mysql
[ info ] [ VIEW ] D:\phpStudy\PHPTutorial\WWW\exam1\public/../application/admin\view\admin\add.html [ array (
  0 => 'data',
) ]
[ info ] [ LOG ] INIT File
[ sql ] [ DB ] CONNECT:[ UseTime:0.001010s ] mysql:host=127.0.0.1;port=3306;dbname=exam1;charset=utf8
[ sql ] [ SQL ] SHOW COLUMNS FROM `em_role` [ RunTime:0.013188s ]
[ sql ] [ SQL ] SELECT * FROM `em_role` [ RunTime:0.000412s ]
---------------------------------------------------------------
[ 2019-10-08T21:21:11+08:00 ] 127.0.0.1 POST www.exam.com/admin/admin/add.html
[运行时间：0.128892s] [吞吐率：7.76req/s] [内存消耗：1,969.69kb] [文件加载：47]
[ info ] [ LANG ] D:\phpStudy\PHPTutorial\WWW\exam1\thinkphp\lang\zh-cn.php
[ info ] [ ROUTE ] array (
  'type' => 'module',
  'module' => 
  array (
    0 => 'admin',
    1 => 'admin',
    2 => 'add',
  ),
)
[ info ] [ HEADER ] array (
  'cookie' => 'pgv_pvi=6920314880; pgv_si=s2128145408; Hm_lvt_b393d153aeb26b46e9431fabaf0f6190=1569552275; Hm_lpvt_b393d153aeb26b46e9431fabaf0f6190=1570540858',
  'accept-language' => 'zh-CN,zh;q=0.9',
  'accept-encoding' => 'gzip, deflate',
  'referer' => 'http://www.exam.com/admin/admin/add.html',
  'content-type' => 'application/x-www-form-urlencoded; charset=UTF-8',
  'user-agent' => 'Mozilla/5.0 (Windows NT 10.0; WOW64) AppleWebKit/537.36 (KHTML, like Gecko) Chrome/76.0.3809.100 Safari/537.36',
  'x-requested-with' => 'XMLHttpRequest',
  'origin' => 'http://www.exam.com',
  'accept' => '*/*',
  'content-length' => '76',
  'connection' => 'close',
  'host' => 'www.exam.com',
)
[ info ] [ PARAM ] array (
  '/admin/admin/add_html' => '',
  'data' => 
  array (
    'username' => 'admin',
    'tel' => '15975845845',
    'password' => '123456',
  ),
)
[ info ] [ RUN ] app\admin\controller\Admin->add[ D:\phpStudy\PHPTutorial\WWW\exam1\application\admin\controller\Admin.php ]
[ info ] [ DB ] INIT mysql
[ info ] [ LOG ] INIT File
[ sql ] [ DB ] CONNECT:[ UseTime:0.010548s ] mysql:host=127.0.0.1;port=3306;dbname=exam1;charset=utf8
[ sql ] [ SQL ] SHOW COLUMNS FROM `em_admin` [ RunTime:0.013552s ]
[ sql ] [ SQL ] INSERT INTO `em_admin` (`username` , `tel` , `password` , `add_time`) VALUES ('admin' , 15975845845 , '123456' , '2019-10-08 21:21:11') [ RunTime:0.062527s ]
---------------------------------------------------------------
[ 2019-10-08T21:21:12+08:00 ] 127.0.0.1 GET www.exam.com/admin/admin/index.html
[运行时间：0.022147s] [吞吐率：45.15req/s] [内存消耗：1,380.91kb] [文件加载：41]
[ info ] [ LANG ] D:\phpStudy\PHPTutorial\WWW\exam1\thinkphp\lang\zh-cn.php
[ info ] [ ROUTE ] array (
  'type' => 'module',
  'module' => 
  array (
    0 => 'admin',
    1 => 'admin',
    2 => 'index',
  ),
)
[ info ] [ HEADER ] array (
  'cookie' => 'pgv_pvi=6920314880; pgv_si=s2128145408; Hm_lvt_b393d153aeb26b46e9431fabaf0f6190=1569552275; Hm_lpvt_b393d153aeb26b46e9431fabaf0f6190=1570540858',
  'accept-language' => 'zh-CN,zh;q=0.9',
  'accept-encoding' => 'gzip, deflate',
  'referer' => 'http://www.exam.com/admin/admin/index.html',
  'accept' => 'text/html,application/xhtml+xml,application/xml;q=0.9,image/webp,image/apng,*/*;q=0.8,application/signed-exchange;v=b3',
  'user-agent' => 'Mozilla/5.0 (Windows NT 10.0; WOW64) AppleWebKit/537.36 (KHTML, like Gecko) Chrome/76.0.3809.100 Safari/537.36',
  'upgrade-insecure-requests' => '1',
  'cache-control' => 'max-age=0',
  'connection' => 'close',
  'host' => 'www.exam.com',
)
[ info ] [ PARAM ] array (
  '/admin/admin/index_html' => '',
)
[ info ] [ RUN ] app\admin\controller\Admin->index[ D:\phpStudy\PHPTutorial\WWW\exam1\application\admin\controller\Admin.php ]
[ info ] [ VIEW ] D:\phpStudy\PHPTutorial\WWW\exam1\public/../application/admin\view\admin\index.html [ array (
) ]
[ info ] [ LOG ] INIT File
