---------------------------------------------------------------
[ 2019-09-30T08:42:49+08:00 ] 127.0.0.1 GET www.exam.com/admin/single/index.html?start=&end=&username=&username=&username=123
[运行时间：0.239877s] [吞吐率：4.17req/s] [内存消耗：2,583.74kb] [文件加载：57]
[ info ] [ LANG ] D:\phpStudy\PHPTutorial\WWW\exam1\thinkphp\lang\zh-cn.php
[ info ] [ ROUTE ] array (
  'type' => 'module',
  'module' => 
  array (
    0 => 'admin',
    1 => 'single',
    2 => 'index',
  ),
)
[ info ] [ HEADER ] array (
  'cookie' => 'pgv_pvi=6920314880; pgv_si=s2128145408; Hm_lvt_b393d153aeb26b46e9431fabaf0f6190=1569552275; Hm_lpvt_b393d153aeb26b46e9431fabaf0f6190=1569756155',
  'accept-language' => 'zh-CN,zh;q=0.9',
  'accept-encoding' => 'gzip, deflate',
  'referer' => 'http://www.exam.com/admin/single/index.html',
  'accept' => 'text/html,application/xhtml+xml,application/xml;q=0.9,image/webp,image/apng,*/*;q=0.8,application/signed-exchange;v=b3',
  'user-agent' => 'Mozilla/5.0 (Windows NT 10.0; WOW64) AppleWebKit/537.36 (KHTML, like Gecko) Chrome/76.0.3809.100 Safari/537.36',
  'upgrade-insecure-requests' => '1',
  'connection' => 'close',
  'host' => 'www.exam.com',
)
[ info ] [ PARAM ] array (
  '/admin/single/index_html' => '',
  'start' => '',
  'end' => '',
  'username' => '123',
)
[ info ] [ RUN ] app\admin\controller\Single->index[ D:\phpStudy\PHPTutorial\WWW\exam1\application\admin\controller\Single.php ]
[ info ] [ DB ] INIT mysql
[ info ] [ VIEW ] D:\phpStudy\PHPTutorial\WWW\exam1\public/../application/admin\view\single\index.html [ array (
  0 => 'data',
) ]
[ info ] [ LOG ] INIT File
[ sql ] [ DB ] CONNECT:[ UseTime:0.014015s ] mysql:host=127.0.0.1;port=3306;dbname=exam1;charset=utf8
[ sql ] [ SQL ] SHOW COLUMNS FROM `em_single` [ RunTime:0.070483s ]
[ sql ] [ SQL ] SELECT COUNT(*) AS tp_count FROM `em_single` WHERE  `status` = 1 LIMIT 1 [ RunTime:0.001174s ]
[ sql ] [ SQL ] SELECT `a`.*,`b`.`major_name`,`c`.`subject_name` FROM `em_single` `a` INNER JOIN `em_major` `b` ON `a`.`major_id`=`b`.`id` INNER JOIN `em_subject` `c` ON `a`.`subject_id`=`c`.`id` WHERE  `a`.`status` = 1 LIMIT 0,20 [ RunTime:0.014808s ]
---------------------------------------------------------------
[ 2019-09-30T08:42:49+08:00 ] 127.0.0.1 GET www.exam.com/admin/single/index.html?start=&end=&username=&username=&username=123
[运行时间：0.242550s] [吞吐率：4.12req/s] [内存消耗：2,583.75kb] [文件加载：57]
[ info ] [ LANG ] D:\phpStudy\PHPTutorial\WWW\exam1\thinkphp\lang\zh-cn.php
[ info ] [ ROUTE ] array (
  'type' => 'module',
  'module' => 
  array (
    0 => 'admin',
    1 => 'single',
    2 => 'index',
  ),
)
[ info ] [ HEADER ] array (
  'cookie' => 'pgv_pvi=6920314880; pgv_si=s2128145408; Hm_lvt_b393d153aeb26b46e9431fabaf0f6190=1569552275; Hm_lpvt_b393d153aeb26b46e9431fabaf0f6190=1569756155',
  'accept-language' => 'zh-CN,zh;q=0.9',
  'accept-encoding' => 'gzip, deflate',
  'referer' => 'http://www.exam.com/admin/single/index.html',
  'accept' => 'text/html,application/xhtml+xml,application/xml;q=0.9,image/webp,image/apng,*/*;q=0.8,application/signed-exchange;v=b3',
  'user-agent' => 'Mozilla/5.0 (Windows NT 10.0; WOW64) AppleWebKit/537.36 (KHTML, like Gecko) Chrome/76.0.3809.100 Safari/537.36',
  'upgrade-insecure-requests' => '1',
  'connection' => 'close',
  'host' => 'www.exam.com',
)
[ info ] [ PARAM ] array (
  '/admin/single/index_html' => '',
  'start' => '',
  'end' => '',
  'username' => '123',
)
[ info ] [ RUN ] app\admin\controller\Single->index[ D:\phpStudy\PHPTutorial\WWW\exam1\application\admin\controller\Single.php ]
[ info ] [ DB ] INIT mysql
[ info ] [ VIEW ] D:\phpStudy\PHPTutorial\WWW\exam1\public/../application/admin\view\single\index.html [ array (
  0 => 'data',
) ]
[ info ] [ LOG ] INIT File
[ sql ] [ DB ] CONNECT:[ UseTime:0.013989s ] mysql:host=127.0.0.1;port=3306;dbname=exam1;charset=utf8
[ sql ] [ SQL ] SHOW COLUMNS FROM `em_single` [ RunTime:0.071729s ]
[ sql ] [ SQL ] SELECT COUNT(*) AS tp_count FROM `em_single` WHERE  `status` = 1 LIMIT 1 [ RunTime:0.001085s ]
[ sql ] [ SQL ] SELECT `a`.*,`b`.`major_name`,`c`.`subject_name` FROM `em_single` `a` INNER JOIN `em_major` `b` ON `a`.`major_id`=`b`.`id` INNER JOIN `em_subject` `c` ON `a`.`subject_id`=`c`.`id` WHERE  `a`.`status` = 1 LIMIT 0,20 [ RunTime:0.014927s ]
---------------------------------------------------------------
[ 2019-09-30T08:42:49+08:00 ] 127.0.0.1 GET www.exam.com/admin/single/index.html?start=&end=&username=&username=&username=123
[运行时间：0.255448s] [吞吐率：3.91req/s] [内存消耗：2,638.08kb] [文件加载：58]
[ info ] [ LANG ] D:\phpStudy\PHPTutorial\WWW\exam1\thinkphp\lang\zh-cn.php
[ info ] [ ROUTE ] array (
  'type' => 'module',
  'module' => 
  array (
    0 => 'admin',
    1 => 'single',
    2 => 'index',
  ),
)
[ info ] [ HEADER ] array (
  'cookie' => 'pgv_pvi=6920314880; pgv_si=s2128145408; Hm_lvt_b393d153aeb26b46e9431fabaf0f6190=1569552275; Hm_lpvt_b393d153aeb26b46e9431fabaf0f6190=1569756155',
  'accept-language' => 'zh-CN,zh;q=0.9',
  'accept-encoding' => 'gzip, deflate',
  'referer' => 'http://www.exam.com/admin/single/index.html',
  'accept' => 'text/html,application/xhtml+xml,application/xml;q=0.9,image/webp,image/apng,*/*;q=0.8,application/signed-exchange;v=b3',
  'user-agent' => 'Mozilla/5.0 (Windows NT 10.0; WOW64) AppleWebKit/537.36 (KHTML, like Gecko) Chrome/76.0.3809.100 Safari/537.36',
  'upgrade-insecure-requests' => '1',
  'connection' => 'close',
  'host' => 'www.exam.com',
)
[ info ] [ PARAM ] array (
  '/admin/single/index_html' => '',
  'start' => '',
  'end' => '',
  'username' => '123',
)
[ info ] [ RUN ] app\admin\controller\Single->index[ D:\phpStudy\PHPTutorial\WWW\exam1\application\admin\controller\Single.php ]
[ info ] [ DB ] INIT mysql
[ info ] [ VIEW ] D:\phpStudy\PHPTutorial\WWW\exam1\public/../application/admin\view\single\index.html [ array (
  0 => 'data',
) ]
[ info ] [ LOG ] INIT File
[ sql ] [ DB ] CONNECT:[ UseTime:0.012248s ] mysql:host=127.0.0.1;port=3306;dbname=exam1;charset=utf8
[ sql ] [ SQL ] SHOW COLUMNS FROM `em_single` [ RunTime:0.071963s ]
[ sql ] [ SQL ] SELECT COUNT(*) AS tp_count FROM `em_single` WHERE  `status` = 1 LIMIT 1 [ RunTime:0.000974s ]
[ sql ] [ SQL ] SELECT `a`.*,`b`.`major_name`,`c`.`subject_name` FROM `em_single` `a` INNER JOIN `em_major` `b` ON `a`.`major_id`=`b`.`id` INNER JOIN `em_subject` `c` ON `a`.`subject_id`=`c`.`id` WHERE  `a`.`status` = 1 LIMIT 0,20 [ RunTime:0.015105s ]
[ error ] [2]file_put_contents(D:\phpStudy\PHPTutorial\WWW\exam1\runtime\temp\fb024265f1c536d5b6b8432f0ca4d97c.php): failed to open stream: Permission denied[D:\phpStudy\PHPTutorial\WWW\exam1\thinkphp\library\think\template\driver\File.php:34]
---------------------------------------------------------------
[ 2019-09-30T08:42:49+08:00 ] 127.0.0.1 GET www.exam.com/admin/single/index.html?start=&end=&username=&username=&username=123
[运行时间：0.052714s] [吞吐率：18.97req/s] [内存消耗：2,434.89kb] [文件加载：55]
[ info ] [ LANG ] D:\phpStudy\PHPTutorial\WWW\exam1\thinkphp\lang\zh-cn.php
[ info ] [ ROUTE ] array (
  'type' => 'module',
  'module' => 
  array (
    0 => 'admin',
    1 => 'single',
    2 => 'index',
  ),
)
[ info ] [ HEADER ] array (
  'cookie' => 'pgv_pvi=6920314880; pgv_si=s2128145408; Hm_lvt_b393d153aeb26b46e9431fabaf0f6190=1569552275; Hm_lpvt_b393d153aeb26b46e9431fabaf0f6190=1569756155',
  'accept-language' => 'zh-CN,zh;q=0.9',
  'accept-encoding' => 'gzip, deflate',
  'referer' => 'http://www.exam.com/admin/single/index.html',
  'accept' => 'text/html,application/xhtml+xml,application/xml;q=0.9,image/webp,image/apng,*/*;q=0.8,application/signed-exchange;v=b3',
  'user-agent' => 'Mozilla/5.0 (Windows NT 10.0; WOW64) AppleWebKit/537.36 (KHTML, like Gecko) Chrome/76.0.3809.100 Safari/537.36',
  'upgrade-insecure-requests' => '1',
  'connection' => 'close',
  'host' => 'www.exam.com',
)
[ info ] [ PARAM ] array (
  '/admin/single/index_html' => '',
  'start' => '',
  'end' => '',
  'username' => '123',
)
[ info ] [ RUN ] app\admin\controller\Single->index[ D:\phpStudy\PHPTutorial\WWW\exam1\application\admin\controller\Single.php ]
[ info ] [ DB ] INIT mysql
[ info ] [ VIEW ] D:\phpStudy\PHPTutorial\WWW\exam1\public/../application/admin\view\single\index.html [ array (
  0 => 'data',
) ]
[ info ] [ LOG ] INIT File
[ sql ] [ DB ] CONNECT:[ UseTime:0.001217s ] mysql:host=127.0.0.1;port=3306;dbname=exam1;charset=utf8
[ sql ] [ SQL ] SHOW COLUMNS FROM `em_single` [ RunTime:0.015536s ]
[ sql ] [ SQL ] SELECT COUNT(*) AS tp_count FROM `em_single` WHERE  `status` = 1 LIMIT 1 [ RunTime:0.000465s ]
[ sql ] [ SQL ] SELECT `a`.*,`b`.`major_name`,`c`.`subject_name` FROM `em_single` `a` INNER JOIN `em_major` `b` ON `a`.`major_id`=`b`.`id` INNER JOIN `em_subject` `c` ON `a`.`subject_id`=`c`.`id` WHERE  `a`.`status` = 1 LIMIT 0,20 [ RunTime:0.000744s ]
---------------------------------------------------------------
[ 2019-09-30T08:42:49+08:00 ] 127.0.0.1 GET www.exam.com/admin/single/index.html?start=&end=&username=&username=&username=123
[运行时间：0.090872s] [吞吐率：11.00req/s] [内存消耗：2,434.89kb] [文件加载：55]
[ info ] [ LANG ] D:\phpStudy\PHPTutorial\WWW\exam1\thinkphp\lang\zh-cn.php
[ info ] [ ROUTE ] array (
  'type' => 'module',
  'module' => 
  array (
    0 => 'admin',
    1 => 'single',
    2 => 'index',
  ),
)
[ info ] [ HEADER ] array (
  'cookie' => 'pgv_pvi=6920314880; pgv_si=s2128145408; Hm_lvt_b393d153aeb26b46e9431fabaf0f6190=1569552275; Hm_lpvt_b393d153aeb26b46e9431fabaf0f6190=1569756155',
  'accept-language' => 'zh-CN,zh;q=0.9',
  'accept-encoding' => 'gzip, deflate',
  'referer' => 'http://www.exam.com/admin/single/index.html',
  'accept' => 'text/html,application/xhtml+xml,application/xml;q=0.9,image/webp,image/apng,*/*;q=0.8,application/signed-exchange;v=b3',
  'user-agent' => 'Mozilla/5.0 (Windows NT 10.0; WOW64) AppleWebKit/537.36 (KHTML, like Gecko) Chrome/76.0.3809.100 Safari/537.36',
  'upgrade-insecure-requests' => '1',
  'connection' => 'close',
  'host' => 'www.exam.com',
)
[ info ] [ PARAM ] array (
  '/admin/single/index_html' => '',
  'start' => '',
  'end' => '',
  'username' => '123',
)
[ info ] [ RUN ] app\admin\controller\Single->index[ D:\phpStudy\PHPTutorial\WWW\exam1\application\admin\controller\Single.php ]
[ info ] [ DB ] INIT mysql
[ info ] [ VIEW ] D:\phpStudy\PHPTutorial\WWW\exam1\public/../application/admin\view\single\index.html [ array (
  0 => 'data',
) ]
[ info ] [ LOG ] INIT File
[ sql ] [ DB ] CONNECT:[ UseTime:0.001445s ] mysql:host=127.0.0.1;port=3306;dbname=exam1;charset=utf8
[ sql ] [ SQL ] SHOW COLUMNS FROM `em_single` [ RunTime:0.022246s ]
[ sql ] [ SQL ] SELECT COUNT(*) AS tp_count FROM `em_single` WHERE  `status` = 1 LIMIT 1 [ RunTime:0.000772s ]
[ sql ] [ SQL ] SELECT `a`.*,`b`.`major_name`,`c`.`subject_name` FROM `em_single` `a` INNER JOIN `em_major` `b` ON `a`.`major_id`=`b`.`id` INNER JOIN `em_subject` `c` ON `a`.`subject_id`=`c`.`id` WHERE  `a`.`status` = 1 LIMIT 0,20 [ RunTime:0.001116s ]
---------------------------------------------------------------
[ 2019-09-30T08:42:49+08:00 ] 127.0.0.1 GET www.exam.com/admin/single/index.html?start=&end=&username=&username=&username=
[运行时间：0.046381s] [吞吐率：21.56req/s] [内存消耗：2,435.03kb] [文件加载：55]
[ info ] [ LANG ] D:\phpStudy\PHPTutorial\WWW\exam1\thinkphp\lang\zh-cn.php
[ info ] [ ROUTE ] array (
  'type' => 'module',
  'module' => 
  array (
    0 => 'admin',
    1 => 'single',
    2 => 'index',
  ),
)
[ info ] [ HEADER ] array (
  'cookie' => 'pgv_pvi=6920314880; pgv_si=s2128145408; Hm_lvt_b393d153aeb26b46e9431fabaf0f6190=1569552275; Hm_lpvt_b393d153aeb26b46e9431fabaf0f6190=1569756155',
  'accept-language' => 'zh-CN,zh;q=0.9',
  'accept-encoding' => 'gzip, deflate',
  'referer' => 'http://www.exam.com/admin/single/index.html?start=&end=&username=&username=&username=123',
  'accept' => 'text/html,application/xhtml+xml,application/xml;q=0.9,image/webp,image/apng,*/*;q=0.8,application/signed-exchange;v=b3',
  'user-agent' => 'Mozilla/5.0 (Windows NT 10.0; WOW64) AppleWebKit/537.36 (KHTML, like Gecko) Chrome/76.0.3809.100 Safari/537.36',
  'upgrade-insecure-requests' => '1',
  'connection' => 'close',
  'host' => 'www.exam.com',
)
[ info ] [ PARAM ] array (
  '/admin/single/index_html' => '',
  'start' => '',
  'end' => '',
  'username' => '',
)
[ info ] [ RUN ] app\admin\controller\Single->index[ D:\phpStudy\PHPTutorial\WWW\exam1\application\admin\controller\Single.php ]
[ info ] [ DB ] INIT mysql
[ info ] [ VIEW ] D:\phpStudy\PHPTutorial\WWW\exam1\public/../application/admin\view\single\index.html [ array (
  0 => 'data',
) ]
[ info ] [ LOG ] INIT File
[ sql ] [ DB ] CONNECT:[ UseTime:0.001006s ] mysql:host=127.0.0.1;port=3306;dbname=exam1;charset=utf8
[ sql ] [ SQL ] SHOW COLUMNS FROM `em_single` [ RunTime:0.008669s ]
[ sql ] [ SQL ] SELECT COUNT(*) AS tp_count FROM `em_single` WHERE  `status` = 1 LIMIT 1 [ RunTime:0.000382s ]
[ sql ] [ SQL ] SELECT `a`.*,`b`.`major_name`,`c`.`subject_name` FROM `em_single` `a` INNER JOIN `em_major` `b` ON `a`.`major_id`=`b`.`id` INNER JOIN `em_subject` `c` ON `a`.`subject_id`=`c`.`id` WHERE  `a`.`status` = 1 LIMIT 0,20 [ RunTime:0.000516s ]
---------------------------------------------------------------
[ 2019-09-30T08:42:49+08:00 ] 127.0.0.1 GET www.exam.com/admin/single/index.html?start=&end=&username=&username=&username=
[运行时间：0.078022s] [吞吐率：12.82req/s] [内存消耗：2,435.03kb] [文件加载：55]
[ info ] [ LANG ] D:\phpStudy\PHPTutorial\WWW\exam1\thinkphp\lang\zh-cn.php
[ info ] [ ROUTE ] array (
  'type' => 'module',
  'module' => 
  array (
    0 => 'admin',
    1 => 'single',
    2 => 'index',
  ),
)
[ info ] [ HEADER ] array (
  'cookie' => 'pgv_pvi=6920314880; pgv_si=s2128145408; Hm_lvt_b393d153aeb26b46e9431fabaf0f6190=1569552275; Hm_lpvt_b393d153aeb26b46e9431fabaf0f6190=1569756155',
  'accept-language' => 'zh-CN,zh;q=0.9',
  'accept-encoding' => 'gzip, deflate',
  'referer' => 'http://www.exam.com/admin/single/index.html?start=&end=&username=&username=&username=',
  'accept' => 'text/html,application/xhtml+xml,application/xml;q=0.9,image/webp,image/apng,*/*;q=0.8,application/signed-exchange;v=b3',
  'user-agent' => 'Mozilla/5.0 (Windows NT 10.0; WOW64) AppleWebKit/537.36 (KHTML, like Gecko) Chrome/76.0.3809.100 Safari/537.36',
  'upgrade-insecure-requests' => '1',
  'connection' => 'close',
  'host' => 'www.exam.com',
)
[ info ] [ PARAM ] array (
  '/admin/single/index_html' => '',
  'start' => '',
  'end' => '',
  'username' => '',
)
[ info ] [ RUN ] app\admin\controller\Single->index[ D:\phpStudy\PHPTutorial\WWW\exam1\application\admin\controller\Single.php ]
[ info ] [ DB ] INIT mysql
[ info ] [ VIEW ] D:\phpStudy\PHPTutorial\WWW\exam1\public/../application/admin\view\single\index.html [ array (
  0 => 'data',
) ]
[ info ] [ LOG ] INIT File
[ sql ] [ DB ] CONNECT:[ UseTime:0.002026s ] mysql:host=127.0.0.1;port=3306;dbname=exam1;charset=utf8
[ sql ] [ SQL ] SHOW COLUMNS FROM `em_single` [ RunTime:0.022943s ]
[ sql ] [ SQL ] SELECT COUNT(*) AS tp_count FROM `em_single` WHERE  `status` = 1 LIMIT 1 [ RunTime:0.000597s ]
[ sql ] [ SQL ] SELECT `a`.*,`b`.`major_name`,`c`.`subject_name` FROM `em_single` `a` INNER JOIN `em_major` `b` ON `a`.`major_id`=`b`.`id` INNER JOIN `em_subject` `c` ON `a`.`subject_id`=`c`.`id` WHERE  `a`.`status` = 1 LIMIT 0,20 [ RunTime:0.000769s ]
---------------------------------------------------------------
[ 2019-09-30T08:43:01+08:00 ] 127.0.0.1 GET www.exam.com/admin/single/index.html?start=&end=&username=&username=&username=%E7%A7%91%E7%9B%AE
[运行时间：0.043491s] [吞吐率：22.99req/s] [内存消耗：2,435.16kb] [文件加载：55]
[ info ] [ LANG ] D:\phpStudy\PHPTutorial\WWW\exam1\thinkphp\lang\zh-cn.php
[ info ] [ ROUTE ] array (
  'type' => 'module',
  'module' => 
  array (
    0 => 'admin',
    1 => 'single',
    2 => 'index',
  ),
)
[ info ] [ HEADER ] array (
  'cookie' => 'pgv_pvi=6920314880; pgv_si=s2128145408; Hm_lvt_b393d153aeb26b46e9431fabaf0f6190=1569552275; Hm_lpvt_b393d153aeb26b46e9431fabaf0f6190=1569756155',
  'accept-language' => 'zh-CN,zh;q=0.9',
  'accept-encoding' => 'gzip, deflate',
  'referer' => 'http://www.exam.com/admin/single/index.html?start=&end=&username=&username=&username=',
  'accept' => 'text/html,application/xhtml+xml,application/xml;q=0.9,image/webp,image/apng,*/*;q=0.8,application/signed-exchange;v=b3',
  'user-agent' => 'Mozilla/5.0 (Windows NT 10.0; WOW64) AppleWebKit/537.36 (KHTML, like Gecko) Chrome/76.0.3809.100 Safari/537.36',
  'upgrade-insecure-requests' => '1',
  'connection' => 'close',
  'host' => 'www.exam.com',
)
[ info ] [ PARAM ] array (
  '/admin/single/index_html' => '',
  'start' => '',
  'end' => '',
  'username' => '科目',
)
[ info ] [ RUN ] app\admin\controller\Single->index[ D:\phpStudy\PHPTutorial\WWW\exam1\application\admin\controller\Single.php ]
[ info ] [ DB ] INIT mysql
[ info ] [ VIEW ] D:\phpStudy\PHPTutorial\WWW\exam1\public/../application/admin\view\single\index.html [ array (
  0 => 'data',
) ]
[ info ] [ LOG ] INIT File
[ sql ] [ DB ] CONNECT:[ UseTime:0.001301s ] mysql:host=127.0.0.1;port=3306;dbname=exam1;charset=utf8
[ sql ] [ SQL ] SHOW COLUMNS FROM `em_single` [ RunTime:0.008723s ]
[ sql ] [ SQL ] SELECT COUNT(*) AS tp_count FROM `em_single` WHERE  `status` = 1 LIMIT 1 [ RunTime:0.000394s ]
[ sql ] [ SQL ] SELECT `a`.*,`b`.`major_name`,`c`.`subject_name` FROM `em_single` `a` INNER JOIN `em_major` `b` ON `a`.`major_id`=`b`.`id` INNER JOIN `em_subject` `c` ON `a`.`subject_id`=`c`.`id` WHERE  `a`.`status` = 1 LIMIT 0,20 [ RunTime:0.000620s ]
---------------------------------------------------------------
[ 2019-09-30T08:43:03+08:00 ] 127.0.0.1 GET www.exam.com/admin/single/index.html?start=&end=&username=&username=&username=
[运行时间：0.047053s] [吞吐率：21.25req/s] [内存消耗：2,435.20kb] [文件加载：55]
[ info ] [ LANG ] D:\phpStudy\PHPTutorial\WWW\exam1\thinkphp\lang\zh-cn.php
[ info ] [ ROUTE ] array (
  'type' => 'module',
  'module' => 
  array (
    0 => 'admin',
    1 => 'single',
    2 => 'index',
  ),
)
[ info ] [ HEADER ] array (
  'cookie' => 'pgv_pvi=6920314880; pgv_si=s2128145408; Hm_lvt_b393d153aeb26b46e9431fabaf0f6190=1569552275; Hm_lpvt_b393d153aeb26b46e9431fabaf0f6190=1569756155',
  'accept-language' => 'zh-CN,zh;q=0.9',
  'accept-encoding' => 'gzip, deflate',
  'referer' => 'http://www.exam.com/admin/single/index.html?start=&end=&username=&username=&username=%E7%A7%91%E7%9B%AE',
  'accept' => 'text/html,application/xhtml+xml,application/xml;q=0.9,image/webp,image/apng,*/*;q=0.8,application/signed-exchange;v=b3',
  'user-agent' => 'Mozilla/5.0 (Windows NT 10.0; WOW64) AppleWebKit/537.36 (KHTML, like Gecko) Chrome/76.0.3809.100 Safari/537.36',
  'upgrade-insecure-requests' => '1',
  'connection' => 'close',
  'host' => 'www.exam.com',
)
[ info ] [ PARAM ] array (
  '/admin/single/index_html' => '',
  'start' => '',
  'end' => '',
  'username' => '',
)
[ info ] [ RUN ] app\admin\controller\Single->index[ D:\phpStudy\PHPTutorial\WWW\exam1\application\admin\controller\Single.php ]
[ info ] [ DB ] INIT mysql
[ info ] [ VIEW ] D:\phpStudy\PHPTutorial\WWW\exam1\public/../application/admin\view\single\index.html [ array (
  0 => 'data',
) ]
[ info ] [ LOG ] INIT File
[ sql ] [ DB ] CONNECT:[ UseTime:0.000939s ] mysql:host=127.0.0.1;port=3306;dbname=exam1;charset=utf8
[ sql ] [ SQL ] SHOW COLUMNS FROM `em_single` [ RunTime:0.013712s ]
[ sql ] [ SQL ] SELECT COUNT(*) AS tp_count FROM `em_single` WHERE  `status` = 1 LIMIT 1 [ RunTime:0.000465s ]
[ sql ] [ SQL ] SELECT `a`.*,`b`.`major_name`,`c`.`subject_name` FROM `em_single` `a` INNER JOIN `em_major` `b` ON `a`.`major_id`=`b`.`id` INNER JOIN `em_subject` `c` ON `a`.`subject_id`=`c`.`id` WHERE  `a`.`status` = 1 LIMIT 0,20 [ RunTime:0.000662s ]
---------------------------------------------------------------
[ 2019-09-30T08:43:04+08:00 ] 127.0.0.1 GET www.exam.com/admin/single/index.html?start=&end=&username=&username=&username=
[运行时间：0.054114s] [吞吐率：18.48req/s] [内存消耗：2,435.03kb] [文件加载：55]
[ info ] [ LANG ] D:\phpStudy\PHPTutorial\WWW\exam1\thinkphp\lang\zh-cn.php
[ info ] [ ROUTE ] array (
  'type' => 'module',
  'module' => 
  array (
    0 => 'admin',
    1 => 'single',
    2 => 'index',
  ),
)
[ info ] [ HEADER ] array (
  'cookie' => 'pgv_pvi=6920314880; pgv_si=s2128145408; Hm_lvt_b393d153aeb26b46e9431fabaf0f6190=1569552275; Hm_lpvt_b393d153aeb26b46e9431fabaf0f6190=1569756155',
  'accept-language' => 'zh-CN,zh;q=0.9',
  'accept-encoding' => 'gzip, deflate',
  'referer' => 'http://www.exam.com/admin/single/index.html?start=&end=&username=&username=&username=',
  'accept' => 'text/html,application/xhtml+xml,application/xml;q=0.9,image/webp,image/apng,*/*;q=0.8,application/signed-exchange;v=b3',
  'user-agent' => 'Mozilla/5.0 (Windows NT 10.0; WOW64) AppleWebKit/537.36 (KHTML, like Gecko) Chrome/76.0.3809.100 Safari/537.36',
  'upgrade-insecure-requests' => '1',
  'connection' => 'close',
  'host' => 'www.exam.com',
)
[ info ] [ PARAM ] array (
  '/admin/single/index_html' => '',
  'start' => '',
  'end' => '',
  'username' => '',
)
[ info ] [ RUN ] app\admin\controller\Single->index[ D:\phpStudy\PHPTutorial\WWW\exam1\application\admin\controller\Single.php ]
[ info ] [ DB ] INIT mysql
[ info ] [ VIEW ] D:\phpStudy\PHPTutorial\WWW\exam1\public/../application/admin\view\single\index.html [ array (
  0 => 'data',
) ]
[ info ] [ LOG ] INIT File
[ sql ] [ DB ] CONNECT:[ UseTime:0.011380s ] mysql:host=127.0.0.1;port=3306;dbname=exam1;charset=utf8
[ sql ] [ SQL ] SHOW COLUMNS FROM `em_single` [ RunTime:0.008944s ]
[ sql ] [ SQL ] SELECT COUNT(*) AS tp_count FROM `em_single` WHERE  `status` = 1 LIMIT 1 [ RunTime:0.000433s ]
[ sql ] [ SQL ] SELECT `a`.*,`b`.`major_name`,`c`.`subject_name` FROM `em_single` `a` INNER JOIN `em_major` `b` ON `a`.`major_id`=`b`.`id` INNER JOIN `em_subject` `c` ON `a`.`subject_id`=`c`.`id` WHERE  `a`.`status` = 1 LIMIT 0,20 [ RunTime:0.000639s ]
---------------------------------------------------------------
[ 2019-09-30T08:43:04+08:00 ] 127.0.0.1 GET www.exam.com/admin/single/index.html?start=&end=&username=&username=&username=
[运行时间：0.055882s] [吞吐率：17.89req/s] [内存消耗：2,435.03kb] [文件加载：55]
[ info ] [ LANG ] D:\phpStudy\PHPTutorial\WWW\exam1\thinkphp\lang\zh-cn.php
[ info ] [ ROUTE ] array (
  'type' => 'module',
  'module' => 
  array (
    0 => 'admin',
    1 => 'single',
    2 => 'index',
  ),
)
[ info ] [ HEADER ] array (
  'cookie' => 'pgv_pvi=6920314880; pgv_si=s2128145408; Hm_lvt_b393d153aeb26b46e9431fabaf0f6190=1569552275; Hm_lpvt_b393d153aeb26b46e9431fabaf0f6190=1569756155',
  'accept-language' => 'zh-CN,zh;q=0.9',
  'accept-encoding' => 'gzip, deflate',
  'referer' => 'http://www.exam.com/admin/single/index.html?start=&end=&username=&username=&username=',
  'accept' => 'text/html,application/xhtml+xml,application/xml;q=0.9,image/webp,image/apng,*/*;q=0.8,application/signed-exchange;v=b3',
  'user-agent' => 'Mozilla/5.0 (Windows NT 10.0; WOW64) AppleWebKit/537.36 (KHTML, like Gecko) Chrome/76.0.3809.100 Safari/537.36',
  'upgrade-insecure-requests' => '1',
  'connection' => 'close',
  'host' => 'www.exam.com',
)
[ info ] [ PARAM ] array (
  '/admin/single/index_html' => '',
  'start' => '',
  'end' => '',
  'username' => '',
)
[ info ] [ RUN ] app\admin\controller\Single->index[ D:\phpStudy\PHPTutorial\WWW\exam1\application\admin\controller\Single.php ]
[ info ] [ DB ] INIT mysql
[ info ] [ VIEW ] D:\phpStudy\PHPTutorial\WWW\exam1\public/../application/admin\view\single\index.html [ array (
  0 => 'data',
) ]
[ info ] [ LOG ] INIT File
[ sql ] [ DB ] CONNECT:[ UseTime:0.001021s ] mysql:host=127.0.0.1;port=3306;dbname=exam1;charset=utf8
[ sql ] [ SQL ] SHOW COLUMNS FROM `em_single` [ RunTime:0.016771s ]
[ sql ] [ SQL ] SELECT COUNT(*) AS tp_count FROM `em_single` WHERE  `status` = 1 LIMIT 1 [ RunTime:0.000571s ]
[ sql ] [ SQL ] SELECT `a`.*,`b`.`major_name`,`c`.`subject_name` FROM `em_single` `a` INNER JOIN `em_major` `b` ON `a`.`major_id`=`b`.`id` INNER JOIN `em_subject` `c` ON `a`.`subject_id`=`c`.`id` WHERE  `a`.`status` = 1 LIMIT 0,20 [ RunTime:0.000685s ]
---------------------------------------------------------------
[ 2019-09-30T08:43:04+08:00 ] 127.0.0.1 GET www.exam.com/admin/single/index.html?start=&end=&username=&username=&username=
[运行时间：0.057934s] [吞吐率：17.26req/s] [内存消耗：2,435.03kb] [文件加载：55]
[ info ] [ LANG ] D:\phpStudy\PHPTutorial\WWW\exam1\thinkphp\lang\zh-cn.php
[ info ] [ ROUTE ] array (
  'type' => 'module',
  'module' => 
  array (
    0 => 'admin',
    1 => 'single',
    2 => 'index',
  ),
)
[ info ] [ HEADER ] array (
  'cookie' => 'pgv_pvi=6920314880; pgv_si=s2128145408; Hm_lvt_b393d153aeb26b46e9431fabaf0f6190=1569552275; Hm_lpvt_b393d153aeb26b46e9431fabaf0f6190=1569756155',
  'accept-language' => 'zh-CN,zh;q=0.9',
  'accept-encoding' => 'gzip, deflate',
  'referer' => 'http://www.exam.com/admin/single/index.html?start=&end=&username=&username=&username=',
  'accept' => 'text/html,application/xhtml+xml,application/xml;q=0.9,image/webp,image/apng,*/*;q=0.8,application/signed-exchange;v=b3',
  'user-agent' => 'Mozilla/5.0 (Windows NT 10.0; WOW64) AppleWebKit/537.36 (KHTML, like Gecko) Chrome/76.0.3809.100 Safari/537.36',
  'upgrade-insecure-requests' => '1',
  'connection' => 'close',
  'host' => 'www.exam.com',
)
[ info ] [ PARAM ] array (
  '/admin/single/index_html' => '',
  'start' => '',
  'end' => '',
  'username' => '',
)
[ info ] [ RUN ] app\admin\controller\Single->index[ D:\phpStudy\PHPTutorial\WWW\exam1\application\admin\controller\Single.php ]
[ info ] [ DB ] INIT mysql
[ info ] [ VIEW ] D:\phpStudy\PHPTutorial\WWW\exam1\public/../application/admin\view\single\index.html [ array (
  0 => 'data',
) ]
[ info ] [ LOG ] INIT File
[ sql ] [ DB ] CONNECT:[ UseTime:0.010812s ] mysql:host=127.0.0.1;port=3306;dbname=exam1;charset=utf8
[ sql ] [ SQL ] SHOW COLUMNS FROM `em_single` [ RunTime:0.014410s ]
[ sql ] [ SQL ] SELECT COUNT(*) AS tp_count FROM `em_single` WHERE  `status` = 1 LIMIT 1 [ RunTime:0.000519s ]
[ sql ] [ SQL ] SELECT `a`.*,`b`.`major_name`,`c`.`subject_name` FROM `em_single` `a` INNER JOIN `em_major` `b` ON `a`.`major_id`=`b`.`id` INNER JOIN `em_subject` `c` ON `a`.`subject_id`=`c`.`id` WHERE  `a`.`status` = 1 LIMIT 0,20 [ RunTime:0.000636s ]
---------------------------------------------------------------
[ 2019-09-30T08:43:04+08:00 ] 127.0.0.1 GET www.exam.com/admin/single/index.html?start=&end=&username=&username=&username=
[运行时间：0.066195s] [吞吐率：15.11req/s] [内存消耗：2,435.03kb] [文件加载：55]
[ info ] [ LANG ] D:\phpStudy\PHPTutorial\WWW\exam1\thinkphp\lang\zh-cn.php
[ info ] [ ROUTE ] array (
  'type' => 'module',
  'module' => 
  array (
    0 => 'admin',
    1 => 'single',
    2 => 'index',
  ),
)
[ info ] [ HEADER ] array (
  'cookie' => 'pgv_pvi=6920314880; pgv_si=s2128145408; Hm_lvt_b393d153aeb26b46e9431fabaf0f6190=1569552275; Hm_lpvt_b393d153aeb26b46e9431fabaf0f6190=1569756155',
  'accept-language' => 'zh-CN,zh;q=0.9',
  'accept-encoding' => 'gzip, deflate',
  'referer' => 'http://www.exam.com/admin/single/index.html?start=&end=&username=&username=&username=',
  'accept' => 'text/html,application/xhtml+xml,application/xml;q=0.9,image/webp,image/apng,*/*;q=0.8,application/signed-exchange;v=b3',
  'user-agent' => 'Mozilla/5.0 (Windows NT 10.0; WOW64) AppleWebKit/537.36 (KHTML, like Gecko) Chrome/76.0.3809.100 Safari/537.36',
  'upgrade-insecure-requests' => '1',
  'connection' => 'close',
  'host' => 'www.exam.com',
)
[ info ] [ PARAM ] array (
  '/admin/single/index_html' => '',
  'start' => '',
  'end' => '',
  'username' => '',
)
[ info ] [ RUN ] app\admin\controller\Single->index[ D:\phpStudy\PHPTutorial\WWW\exam1\application\admin\controller\Single.php ]
[ info ] [ DB ] INIT mysql
[ info ] [ VIEW ] D:\phpStudy\PHPTutorial\WWW\exam1\public/../application/admin\view\single\index.html [ array (
  0 => 'data',
) ]
[ info ] [ LOG ] INIT File
[ sql ] [ DB ] CONNECT:[ UseTime:0.001154s ] mysql:host=127.0.0.1;port=3306;dbname=exam1;charset=utf8
[ sql ] [ SQL ] SHOW COLUMNS FROM `em_single` [ RunTime:0.012646s ]
[ sql ] [ SQL ] SELECT COUNT(*) AS tp_count FROM `em_single` WHERE  `status` = 1 LIMIT 1 [ RunTime:0.000556s ]
[ sql ] [ SQL ] SELECT `a`.*,`b`.`major_name`,`c`.`subject_name` FROM `em_single` `a` INNER JOIN `em_major` `b` ON `a`.`major_id`=`b`.`id` INNER JOIN `em_subject` `c` ON `a`.`subject_id`=`c`.`id` WHERE  `a`.`status` = 1 LIMIT 0,20 [ RunTime:0.000756s ]
---------------------------------------------------------------
[ 2019-09-30T08:43:07+08:00 ] 127.0.0.1 GET www.exam.com/admin/single/index.html?start=&end=&username=&username=&username=kemu+
[运行时间：0.046611s] [吞吐率：21.45req/s] [内存消耗：2,435.06kb] [文件加载：55]
[ info ] [ LANG ] D:\phpStudy\PHPTutorial\WWW\exam1\thinkphp\lang\zh-cn.php
[ info ] [ ROUTE ] array (
  'type' => 'module',
  'module' => 
  array (
    0 => 'admin',
    1 => 'single',
    2 => 'index',
  ),
)
[ info ] [ HEADER ] array (
  'cookie' => 'pgv_pvi=6920314880; pgv_si=s2128145408; Hm_lvt_b393d153aeb26b46e9431fabaf0f6190=1569552275; Hm_lpvt_b393d153aeb26b46e9431fabaf0f6190=1569756155',
  'accept-language' => 'zh-CN,zh;q=0.9',
  'accept-encoding' => 'gzip, deflate',
  'referer' => 'http://www.exam.com/admin/single/index.html?start=&end=&username=&username=&username=',
  'accept' => 'text/html,application/xhtml+xml,application/xml;q=0.9,image/webp,image/apng,*/*;q=0.8,application/signed-exchange;v=b3',
  'user-agent' => 'Mozilla/5.0 (Windows NT 10.0; WOW64) AppleWebKit/537.36 (KHTML, like Gecko) Chrome/76.0.3809.100 Safari/537.36',
  'upgrade-insecure-requests' => '1',
  'connection' => 'close',
  'host' => 'www.exam.com',
)
[ info ] [ PARAM ] array (
  '/admin/single/index_html' => '',
  'start' => '',
  'end' => '',
  'username' => 'kemu ',
)
[ info ] [ RUN ] app\admin\controller\Single->index[ D:\phpStudy\PHPTutorial\WWW\exam1\application\admin\controller\Single.php ]
[ info ] [ DB ] INIT mysql
[ info ] [ VIEW ] D:\phpStudy\PHPTutorial\WWW\exam1\public/../application/admin\view\single\index.html [ array (
  0 => 'data',
) ]
[ info ] [ LOG ] INIT File
[ sql ] [ DB ] CONNECT:[ UseTime:0.000879s ] mysql:host=127.0.0.1;port=3306;dbname=exam1;charset=utf8
[ sql ] [ SQL ] SHOW COLUMNS FROM `em_single` [ RunTime:0.010189s ]
[ sql ] [ SQL ] SELECT COUNT(*) AS tp_count FROM `em_single` WHERE  `status` = 1 LIMIT 1 [ RunTime:0.000642s ]
[ sql ] [ SQL ] SELECT `a`.*,`b`.`major_name`,`c`.`subject_name` FROM `em_single` `a` INNER JOIN `em_major` `b` ON `a`.`major_id`=`b`.`id` INNER JOIN `em_subject` `c` ON `a`.`subject_id`=`c`.`id` WHERE  `a`.`status` = 1 LIMIT 0,20 [ RunTime:0.000760s ]
